2020-04-18 11:24:46,112 [Server thread] INFO Treasure2 | SurfaceChestWorldGenerator.java:376 | CHEATER! COMMON chest at coords: 248 64 200
2020-04-18 11:24:50,708 [Server thread] INFO Treasure2 | SurfaceChestWorldGenerator.java:376 | CHEATER! COMMON chest at coords: 168 65 168
2020-04-18 11:24:56,220 [Server thread] INFO Treasure2 | SurfaceChestWorldGenerator.java:376 | CHEATER! COMMON chest at coords: 152 64 296
2020-04-18 11:24:59,152 [Server thread] INFO Treasure2 | SurfaceChestWorldGenerator.java:376 | CHEATER! COMMON chest at coords: 312 63 312
2020-04-18 11:25:01,661 [Server thread] INFO Treasure2 | SurfaceChestWorldGenerator.java:376 | CHEATER! SCARCE chest at coords: 232 64 88
2020-04-18 11:25:03,500 [Server thread] INFO Treasure2 | SurfaceChestWorldGenerator.java:376 | CHEATER! UNCOMMON chest at coords: 248 66 376
2020-04-18 11:25:05,852 [Server thread] INFO Treasure2 | SurfaceChestWorldGenerator.java:376 | CHEATER! RARE chest at coords: 376 64 184
2020-04-18 11:25:08,117 [Server thread] INFO Treasure2 | SurfaceChestWorldGenerator.java:376 | CHEATER! COMMON chest at coords: 72 68 120
2020-04-18 11:25:10,081 [Server thread] INFO Treasure2 | WellGenerator.java:122 | CHEATER! Wishing Well at coords: 40 67 72
2020-04-18 11:25:10,627 [Server thread] INFO Treasure2 | SurfaceChestWorldGenerator.java:376 | CHEATER! COMMON chest at coords: 376 74 72
2020-04-18 11:32:44,807 [Server thread] INFO Treasure2 | SurfaceChestWorldGenerator.java:376 | CHEATER! SCARCE chest at coords: 392 66 264
2020-04-18 11:36:09,635 [Server thread] INFO Treasure2 | SurfaceChestWorldGenerator.java:376 | CHEATER! COMMON chest at coords: 136 64 392
2020-04-18 11:36:56,929 [Server thread] INFO Treasure2 | SurfaceChestWorldGenerator.java:376 | CHEATER! UNCOMMON chest at coords: 40 74 200
2020-04-18 11:40:22,191 [Server thread] INFO Treasure2 | SurfaceChestWorldGenerator.java:376 | CHEATER! COMMON chest at coords: 440 67 136
2020-04-18 11:43:35,885 [Server thread] INFO Treasure2 | SurfaceChestWorldGenerator.java:376 | CHEATER! UNCOMMON chest at coords: 168 71 -8
2020-04-18 11:47:16,663 [Server thread] INFO Treasure2 | SurfaceChestWorldGenerator.java:376 | CHEATER! RARE chest at coords: 328 69 408
2020-04-18 11:49:02,722 [Server thread] INFO Treasure2 | SurfaceChestWorldGenerator.java:376 | CHEATER! COMMON chest at coords: 8 68 40
2020-04-18 11:49:12,402 [Server thread] INFO Treasure2 | SurfaceChestWorldGenerator.java:376 | CHEATER! UNCOMMON chest at coords: -8 75 312
2020-04-18 11:49:38,059 [Server thread] INFO Treasure2 | WitherTreeWorldGenerator.java:354 | CHEATER! wither chest at coords: 424 68 376
2020-04-18 11:49:38,183 [Server thread] INFO Treasure2 | WellGenerator.java:122 | CHEATER! Wishing Well at coords: 424 68 422
2020-04-18 11:51:54,003 [Server thread] INFO Treasure2 | SurfaceChestWorldGenerator.java:376 | CHEATER! COMMON chest at coords: 472 64 40
2020-04-18 11:55:45,085 [Server thread] INFO Treasure2 | SurfaceChestWorldGenerator.java:376 | CHEATER! UNCOMMON chest at coords: 184 68 456
2020-04-18 11:57:15,121 [Server thread] INFO Treasure2 | SurfaceChestWorldGenerator.java:376 | CHEATER! SCARCE chest at coords: 72 76 440
2020-04-18 12:01:22,490 [Server thread] INFO Treasure2 | SurfaceChestWorldGenerator.java:376 | CHEATER! COMMON chest at coords: 504 69 296
2020-04-18 12:06:19,174 [Server thread] INFO Treasure2 | SurfaceChestWorldGenerator.java:376 | CHEATER! RARE chest at coords: 264 70 504
2020-04-18 12:11:32,058 [Server thread] INFO Treasure2 | SurfaceChestWorldGenerator.java:376 | CHEATER! COMMON chest at coords: 120 68 504
2020-04-18 12:20:24,336 [Server thread] INFO Treasure2 | SurfaceChestWorldGenerator.java:376 | CHEATER! UNCOMMON chest at coords: 520 67 120
2020-04-18 12:36:56,266 [Server thread] INFO Treasure2 | SurfaceChestWorldGenerator.java:376 | CHEATER! EPIC chest at coords: 568 68 184
2020-04-18 12:39:48,953 [Server thread] INFO Treasure2 | SurfaceChestWorldGenerator.java:376 | CHEATER! COMMON chest at coords: 200 72 -88
2020-04-18 12:39:49,206 [Server thread] INFO Treasure2 | WellGenerator.java:122 | CHEATER! Wishing Well at coords: 262 72 -72
2020-04-18 12:39:53,829 [Server thread] INFO Treasure2 | SurfaceChestWorldGenerator.java:376 | CHEATER! UNCOMMON chest at coords: 408 73 -104
2020-04-18 12:40:19,462 [Server thread] INFO Treasure2 | SurfaceChestWorldGenerator.java:376 | CHEATER! SCARCE chest at coords: 296 74 -104
2020-04-18 12:40:49,721 [Server thread] INFO Treasure2 | SurfaceChestWorldGenerator.java:376 | CHEATER! COMMON chest at coords: 152 68 -152
2020-04-18 12:40:57,793 [Server thread] INFO Treasure2 | SurfaceChestWorldGenerator.java:376 | CHEATER! COMMON chest at coords: 552 66 24
2020-04-18 12:41:07,241 [Server thread] INFO Treasure2 | SurfaceChestWorldGenerator.java:376 | CHEATER! UNCOMMON chest at coords: 72 66 -72
2020-04-18 12:41:14,733 [Server thread] INFO Treasure2 | SurfaceChestWorldGenerator.java:376 | CHEATER! COMMON chest at coords: 88 70 -200
2020-04-18 12:41:35,952 [Server thread] INFO Treasure2 | SurfaceChestWorldGenerator.java:376 | CHEATER! COMMON chest at coords: 264 74 -216
2020-04-18 12:41:42,756 [Server thread] INFO Treasure2 | SurfaceChestWorldGenerator.java:376 | CHEATER! COMMON chest at coords: 536 73 -136
2020-04-18 12:44:15,991 [Server thread] INFO Treasure2 | SurfaceChestWorldGenerator.java:376 | CHEATER! UNCOMMON chest at coords: -24 69 136
2020-04-18 12:44:20,675 [Server thread] INFO Treasure2 | WellGenerator.java:122 | CHEATER! Wishing Well at coords: -40 67 168
2020-04-18 12:44:25,170 [Server thread] INFO Treasure2 | SurfaceChestWorldGenerator.java:376 | CHEATER! COMMON chest at coords: -104 91 136
2020-04-18 12:44:32,891 [Server thread] INFO Treasure2 | SurfaceChestWorldGenerator.java:376 | CHEATER! SCARCE chest at coords: -88 89 -8
2020-04-18 12:44:39,798 [Server thread] INFO Treasure2 | SurfaceChestWorldGenerator.java:376 | CHEATER! COMMON chest at coords: -104 93 232
2020-04-18 12:46:34,333 [Server thread] INFO Treasure2 | SurfaceChestWorldGenerator.java:376 | CHEATER! UNCOMMON chest at coords: -152 89 72
2020-04-18 12:47:35,907 [Server thread] INFO Treasure2 | SurfaceChestWorldGenerator.java:376 | CHEATER! COMMON chest at coords: -184 81 168
2020-04-18 12:48:37,924 [Server thread] INFO Treasure2 | SurfaceChestWorldGenerator.java:376 | CHEATER! SCARCE chest at coords: -216 70 312
2020-04-18 12:48:44,498 [Server thread] INFO Treasure2 | SurfaceChestWorldGenerator.java:376 | CHEATER! COMMON chest at coords: -232 90 104
2020-04-18 12:49:00,166 [Server thread] INFO Treasure2 | SurfaceChestWorldGenerator.java:376 | CHEATER! UNCOMMON chest at coords: -24 73 392
2020-04-18 12:49:02,070 [Server thread] INFO Treasure2 | WellGenerator.java:122 | CHEATER! Wishing Well at coords: -266 69 136
2020-04-18 12:49:27,240 [Server thread] INFO Treasure2 | SurfaceChestWorldGenerator.java:376 | CHEATER! EPIC chest at coords: -328 84 40
2020-04-18 12:49:35,202 [Server thread] INFO Treasure2 | SurfaceChestWorldGenerator.java:376 | CHEATER! COMMON chest at coords: -296 63 328
2020-04-18 12:58:05,062 [Server thread] INFO Treasure2 | SurfaceChestWorldGenerator.java:376 | CHEATER! RARE chest at coords: -152 69 424
2020-04-18 13:50:38,712 [Server thread] INFO Treasure2 | SurfaceChestWorldGenerator.java:376 | CHEATER! COMMON chest at coords: 584 69 328
2020-04-18 14:47:13,804 [Server thread] INFO Treasure2 | SurfaceChestWorldGenerator.java:376 | CHEATER! UNCOMMON chest at coords: 616 65 120
2020-04-18 14:47:36,016 [Server thread] INFO Treasure2 | SurfaceChestWorldGenerator.java:376 | CHEATER! COMMON chest at coords: 632 67 264
2020-04-18 14:47:46,465 [Server thread] INFO Treasure2 | SurfaceChestWorldGenerator.java:376 | CHEATER! COMMON chest at coords: 680 66 72
2020-04-18 14:47:56,028 [Server thread] INFO Treasure2 | SurfaceChestWorldGenerator.java:376 | CHEATER! SCARCE chest at coords: 696 68 312
2020-04-18 14:48:08,850 [Server thread] INFO Treasure2 | WitherTreeWorldGenerator.java:354 | CHEATER! wither chest at coords: 600 63 408
2020-04-18 14:48:09,505 [Server thread] INFO Treasure2 | WellGenerator.java:122 | CHEATER! Wishing Well at coords: 630 65 376
2020-04-18 14:48:13,598 [Server thread] INFO Treasure2 | SurfaceChestWorldGenerator.java:376 | CHEATER! COMMON chest at coords: 712 64 152
2020-04-18 14:48:52,139 [Server thread] INFO Treasure2 | SurfaceChestWorldGenerator.java:376 | CHEATER! UNCOMMON chest at coords: 712 65 440
2020-04-18 14:48:59,757 [Server thread] INFO Treasure2 | SurfaceChestWorldGenerator.java:376 | CHEATER! COMMON chest at coords: 776 64 264
2020-04-18 14:50:06,745 [Server thread] INFO Treasure2 | SurfaceChestWorldGenerator.java:376 | CHEATER! COMMON chest at coords: 536 69 488
2020-04-18 14:51:29,516 [Server thread] INFO Treasure2 | SurfaceChestWorldGenerator.java:376 | CHEATER! UNCOMMON chest at coords: 424 72 536
2020-04-18 14:51:36,511 [Server thread] INFO Treasure2 | SurfaceChestWorldGenerator.java:376 | CHEATER! SCARCE chest at coords: 328 73 552
2020-04-18 14:51:50,511 [Server thread] INFO Treasure2 | SurfaceChestWorldGenerator.java:376 | CHEATER! UNCOMMON chest at coords: 552 64 584
2020-04-18 14:52:54,720 [Server thread] INFO Treasure2 | SurfaceChestWorldGenerator.java:376 | CHEATER! COMMON chest at coords: 232 66 568
2020-04-18 14:53:18,265 [Server thread] INFO Treasure2 | SurfaceChestWorldGenerator.java:376 | CHEATER! UNCOMMON chest at coords: 424 76 616
2020-04-18 14:53:21,923 [Server thread] INFO Treasure2 | WellGenerator.java:122 | CHEATER! Wishing Well at coords: 392 68 630
2020-04-18 14:53:30,684 [Server thread] INFO Treasure2 | SurfaceChestWorldGenerator.java:376 | CHEATER! SCARCE chest at coords: 312 74 648
2020-04-18 14:53:37,373 [Server thread] INFO Treasure2 | SurfaceChestWorldGenerator.java:376 | CHEATER! RARE chest at coords: 216 73 680
2020-04-18 14:53:46,011 [Server thread] INFO Treasure2 | SurfaceChestWorldGenerator.java:376 | CHEATER! COMMON chest at coords: 488 76 696
2020-04-18 14:55:22,563 [Server thread] INFO Treasure2 | SurfaceChestWorldGenerator.java:376 | CHEATER! COMMON chest at coords: 568 64 680
2020-04-18 14:55:45,053 [Server thread] INFO Treasure2 | SurfaceChestWorldGenerator.java:376 | CHEATER! UNCOMMON chest at coords: 696 64 584
2020-04-18 14:56:22,600 [Server thread] INFO Treasure2 | SurfaceChestWorldGenerator.java:376 | CHEATER! SCARCE chest at coords: 728 71 680
2020-04-18 14:57:06,351 [Server thread] INFO Treasure2 | SurfaceChestWorldGenerator.java:376 | CHEATER! UNCOMMON chest at coords: 792 65 408
2020-04-18 14:57:29,443 [Server thread] INFO Treasure2 | SurfaceChestWorldGenerator.java:376 | CHEATER! COMMON chest at coords: 808 64 184
2020-04-18 14:57:48,542 [Server thread] INFO Treasure2 | WellGenerator.java:122 | CHEATER! Wishing Well at coords: 824 64 120
2020-04-18 14:57:48,575 [Server thread] INFO Treasure2 | SurfaceChestWorldGenerator.java:376 | CHEATER! COMMON chest at coords: 808 65 104
2020-04-18 14:57:58,461 [Server thread] INFO Treasure2 | SurfaceChestWorldGenerator.java:376 | CHEATER! COMMON chest at coords: 872 63 360
2020-04-18 14:59:08,767 [Server thread] INFO Treasure2 | SurfaceChestWorldGenerator.java:376 | CHEATER! UNCOMMON chest at coords: 744 65 24
2020-04-18 15:01:19,343 [Server thread] INFO Treasure2 | SurfaceChestWorldGenerator.java:376 | CHEATER! SCARCE chest at coords: 696 63 -72
2020-04-18 16:52:17,208 [Server thread] INFO Treasure2 | SurfaceChestWorldGenerator.java:376 | CHEATER! COMMON chest at coords: -152 94 -120
2020-04-18 16:52:19,575 [Server thread] INFO Treasure2 | SurfaceChestWorldGenerator.java:376 | CHEATER! UNCOMMON chest at coords: -120 66 -184
2020-04-19 14:28:32,686 [Server thread] INFO Treasure2 | SurfaceChestWorldGenerator.java:376 | CHEATER! COMMON chest at coords: 56 91 -248
2020-04-19 14:28:41,849 [Server thread] INFO Treasure2 | SurfaceChestWorldGenerator.java:376 | CHEATER! UNCOMMON chest at coords: 152 64 -264
2020-04-19 14:35:26,456 [Server thread] INFO Treasure2 | SurfaceChestWorldGenerator.java:376 | CHEATER! COMMON chest at coords: 360 70 -264
2020-04-19 14:35:30,486 [Server thread] INFO Treasure2 | WellGenerator.java:122 | CHEATER! Wishing Well at coords: 166 63 -280
2020-04-19 14:35:30,996 [Server thread] INFO Treasure2 | SurfaceChestWorldGenerator.java:376 | CHEATER! COMMON chest at coords: 264 68 -328
2020-04-19 14:35:31,686 [Server thread] INFO Treasure2 | SurfaceChestWorldGenerator.java:376 | CHEATER! COMMON chest at coords: 424 72 -344
2020-04-19 14:35:34,296 [Server thread] INFO Treasure2 | SurfaceChestWorldGenerator.java:376 | CHEATER! RARE chest at coords: 488 73 -184
2020-04-19 14:35:54,261 [Server thread] INFO Treasure2 | SurfaceChestWorldGenerator.java:376 | CHEATER! UNCOMMON chest at coords: 152 66 -360
2020-04-19 14:36:04,627 [Server thread] INFO Treasure2 | SurfaceChestWorldGenerator.java:376 | CHEATER! COMMON chest at coords: 248 64 -424
2020-04-19 14:36:05,154 [Server thread] INFO Treasure2 | SurfaceChestWorldGenerator.java:376 | CHEATER! UNCOMMON chest at coords: 392 65 -440
2020-04-19 14:36:17,770 [Server thread] INFO Treasure2 | SurfaceChestWorldGenerator.java:376 | CHEATER! COMMON chest at coords: 88 69 -408
2020-04-19 14:36:23,840 [Server thread] INFO Treasure2 | SurfaceChestWorldGenerator.java:376 | CHEATER! COMMON chest at coords: 120 67 -488
2020-04-19 14:36:24,464 [Server thread] INFO Treasure2 | WellGenerator.java:122 | CHEATER! Wishing Well at coords: 184 66 -554
2020-04-19 14:36:24,540 [Server thread] INFO Treasure2 | WitherTreeWorldGenerator.java:354 | CHEATER! wither chest at coords: 216 66 -552
2020-04-19 14:36:26,957 [Server thread] INFO Treasure2 | SurfaceChestWorldGenerator.java:376 | CHEATER! RARE chest at coords: 72 66 -568
2020-04-19 14:36:27,905 [Server thread] INFO Treasure2 | SurfaceChestWorldGenerator.java:376 | CHEATER! UNCOMMON chest at coords: 152 67 -616
2020-04-19 14:36:28,447 [Server thread] INFO Treasure2 | SurfaceChestWorldGenerator.java:376 | CHEATER! COMMON chest at coords: 216 68 -696
2020-04-19 14:36:55,663 [Server thread] INFO Treasure2 | SurfaceChestWorldGenerator.java:376 | CHEATER! EPIC chest at coords: 24 73 -472
2020-04-19 14:37:36,973 [Server thread] INFO Treasure2 | SurfaceChestWorldGenerator.java:376 | CHEATER! UNCOMMON chest at coords: -24 78 -312
2020-04-19 14:37:41,682 [Server thread] INFO Treasure2 | SurfaceChestWorldGenerator.java:376 | CHEATER! COMMON chest at coords: -104 69 -392
2020-04-19 14:37:54,781 [Server thread] INFO Treasure2 | SurfaceChestWorldGenerator.java:376 | CHEATER! UNCOMMON chest at coords: -120 66 -200
2020-04-19 14:38:40,198 [Server thread] INFO Treasure2 | SurfaceChestWorldGenerator.java:376 | CHEATER! SCARCE chest at coords: -184 107 -200
2020-04-19 14:38:43,260 [Server thread] INFO Treasure2 | WellGenerator.java:122 | CHEATER! Wishing Well at coords: -202 99 -296
2020-04-19 14:38:54,027 [Server thread] INFO Treasure2 | SurfaceChestWorldGenerator.java:376 | CHEATER! RARE chest at coords: -216 113 -120
2020-04-19 14:45:39,908 [Server thread] INFO Treasure2 | SurfaceChestWorldGenerator.java:376 | CHEATER! COMMON chest at coords: -88 64 -472
2020-04-19 15:09:39,441 [Server thread] INFO Treasure2 | SurfaceChestWorldGenerator.java:376 | CHEATER! COMMON chest at coords: 536 70 -248
2020-04-19 15:09:48,827 [Server thread] INFO Treasure2 | SurfaceChestWorldGenerator.java:376 | CHEATER! COMMON chest at coords: 536 66 -392
2020-04-19 15:20:28,922 [Server thread] INFO Treasure2 | SurfaceChestWorldGenerator.java:376 | CHEATER! EPIC chest at coords: 440 73 -216
2020-04-19 15:20:48,969 [Server thread] INFO Treasure2 | SurfaceChestWorldGenerator.java:376 | CHEATER! COMMON chest at coords: 584 72 -120
2020-04-19 15:21:01,673 [Server thread] INFO Treasure2 | SurfaceChestWorldGenerator.java:376 | CHEATER! UNCOMMON chest at coords: 520 71 -248
2020-04-19 15:21:05,206 [Server thread] INFO Treasure2 | SurfaceChestWorldGenerator.java:376 | CHEATER! COMMON chest at coords: 632 71 -184
2020-04-19 15:21:07,455 [Server thread] INFO Treasure2 | WellGenerator.java:122 | CHEATER! Wishing Well at coords: 566 75 -282
2020-04-19 15:21:07,836 [Server thread] INFO Treasure2 | SurfaceChestWorldGenerator.java:376 | CHEATER! UNCOMMON chest at coords: 456 71 -328
2020-04-19 15:21:19,442 [Server thread] INFO Treasure2 | SurfaceChestWorldGenerator.java:376 | CHEATER! RARE chest at coords: 552 71 -328
2020-04-19 15:21:26,041 [Server thread] INFO Treasure2 | SurfaceChestWorldGenerator.java:376 | CHEATER! UNCOMMON chest at coords: 632 92 -360
2020-04-19 15:22:13,060 [Server thread] INFO Treasure2 | SurfaceChestWorldGenerator.java:376 | CHEATER! COMMON chest at coords: 264 70 -248
2020-04-19 15:22:40,277 [Server thread] INFO Treasure2 | SurfaceChestWorldGenerator.java:376 | CHEATER! UNCOMMON chest at coords: 408 63 -392
2020-04-19 15:22:55,915 [Server thread] INFO Treasure2 | SurfaceChestWorldGenerator.java:376 | CHEATER! SCARCE chest at coords: 488 66 -424
2020-04-19 15:23:01,326 [Server thread] INFO Treasure2 | SurfaceChestWorldGenerator.java:376 | CHEATER! UNCOMMON chest at coords: 392 70 -488
2020-04-19 15:23:01,972 [Server thread] INFO Treasure2 | SurfaceChestWorldGenerator.java:376 | CHEATER! COMMON chest at coords: 712 68 -440
2020-04-19 15:23:07,234 [Server thread] INFO Treasure2 | WellGenerator.java:122 | CHEATER! Wishing Well at coords: 534 68 -474
2020-04-19 15:23:07,257 [Server thread] INFO Treasure2 | SurfaceChestWorldGenerator.java:376 | CHEATER! COMMON chest at coords: 552 72 -472
2020-04-19 15:23:11,217 [Server thread] INFO Treasure2 | WitherTreeWorldGenerator.java:354 | CHEATER! wither chest at coords: 744 68 -360
2020-04-19 15:24:52,729 [Server thread] INFO Treasure2 | SurfaceChestWorldGenerator.java:376 | CHEATER! UNCOMMON chest at coords: 760 68 -264
2020-04-19 15:47:36,432 [Server thread] INFO Treasure2 | SurfaceChestWorldGenerator.java:376 | CHEATER! UNCOMMON chest at coords: 648 69 -504
2020-04-19 15:47:38,305 [Server thread] INFO Treasure2 | SurfaceChestWorldGenerator.java:376 | CHEATER! COMMON chest at coords: 600 63 -568
2020-04-19 15:49:12,949 [Server thread] INFO Treasure2 | SurfaceChestWorldGenerator.java:376 | CHEATER! UNCOMMON chest at coords: 680 64 -584
2020-04-19 16:01:51,899 [Server thread] INFO Treasure2 | SurfaceChestWorldGenerator.java:376 | CHEATER! SCARCE chest at coords: 328 65 -376
2020-04-19 16:22:39,774 [Server thread] INFO Treasure2 | SurfaceChestWorldGenerator.java:376 | CHEATER! COMMON chest at coords: 424 69 -584
2020-04-19 17:01:09,402 [Server thread] INFO Treasure2 | SurfaceChestWorldGenerator.java:376 | CHEATER! RARE chest at coords: 824 65 -360
2020-04-19 17:33:47,256 [Server thread] INFO Treasure2 | SurfaceChestWorldGenerator.java:376 | CHEATER! COMMON chest at coords: 56 90 -232
2020-04-19 17:33:47,403 [Server thread] INFO Treasure2 | WellGenerator.java:122 | CHEATER! Wishing Well at coords: 152 65 -232
2020-04-19 17:34:08,969 [Server thread] INFO Treasure2 | SurfaceChestWorldGenerator.java:376 | CHEATER! COMMON chest at coords: 184 71 -280
2020-04-19 17:34:09,668 [Server thread] INFO Treasure2 | SurfaceChestWorldGenerator.java:376 | CHEATER! COMMON chest at coords: 56 67 -344
2020-04-19 17:34:54,172 [Server thread] INFO Treasure2 | SurfaceChestWorldGenerator.java:376 | CHEATER! SCARCE chest at coords: -56 124 -264
2020-04-19 17:34:55,911 [Server thread] INFO Treasure2 | SurfaceChestWorldGenerator.java:376 | CHEATER! COMMON chest at coords: -104 69 -392
2020-04-19 17:35:00,834 [Server thread] INFO Treasure2 | SurfaceChestWorldGenerator.java:376 | CHEATER! RARE chest at coords: 248 68 -328
2020-04-19 17:35:32,813 [Server thread] INFO Treasure2 | SurfaceChestWorldGenerator.java:376 | CHEATER! COMMON chest at coords: -136 124 -296
2020-04-19 17:35:59,712 [Server thread] INFO Treasure2 | SurfaceChestWorldGenerator.java:376 | CHEATER! UNCOMMON chest at coords: 152 66 -360
2020-04-20 17:50:53,597 [Server thread] INFO Treasure2 | SurfaceChestWorldGenerator.java:376 | CHEATER! COMMON chest at coords: 72 69 -424
2020-04-20 17:50:56,227 [Server thread] INFO Treasure2 | SurfaceChestWorldGenerator.java:376 | CHEATER! SCARCE chest at coords: 200 63 -456
2020-04-20 17:50:56,607 [Server thread] INFO Treasure2 | WellGenerator.java:122 | CHEATER! Wishing Well at coords: 104 69 -476
2020-04-20 17:50:59,760 [Server thread] INFO Treasure2 | SurfaceChestWorldGenerator.java:376 | CHEATER! RARE chest at coords: 72 66 -568
2020-04-20 17:51:00,975 [Server thread] INFO Treasure2 | SurfaceChestWorldGenerator.java:376 | CHEATER! COMMON chest at coords: 120 68 -632
2020-04-20 17:51:01,515 [Server thread] INFO Treasure2 | SurfaceChestWorldGenerator.java:376 | CHEATER! SCARCE chest at coords: 216 72 -648
2020-04-20 17:54:10,788 [Server thread] INFO Treasure2 | SurfaceChestWorldGenerator.java:376 | CHEATER! COMMON chest at coords: -24 66 -424
2020-04-20 18:12:33,676 [Server thread] INFO Treasure2 | SurfaceChestWorldGenerator.java:376 | CHEATER! UNCOMMON chest at coords: 824 64 568
2020-04-20 18:12:39,238 [Server thread] INFO Treasure2 | SurfaceChestWorldGenerator.java:376 | CHEATER! COMMON chest at coords: 680 73 696
2020-04-20 18:12:44,479 [Server thread] INFO Treasure2 | SurfaceChestWorldGenerator.java:376 | CHEATER! SCARCE chest at coords: 888 63 616
2020-04-20 18:12:46,676 [Server thread] INFO Treasure2 | SurfaceChestWorldGenerator.java:376 | CHEATER! COMMON chest at coords: 920 63 504
2020-04-20 18:12:46,739 [Server thread] INFO Treasure2 | WellGenerator.java:122 | CHEATER! Wishing Well at coords: 918 65 488
2020-04-20 18:12:48,861 [Server thread] INFO Treasure2 | SurfaceChestWorldGenerator.java:376 | CHEATER! RARE chest at coords: 952 104 680
2020-04-20 18:12:51,797 [Server thread] INFO Treasure2 | SurfaceChestWorldGenerator.java:376 | CHEATER! EPIC chest at coords: 776 69 744
2020-04-20 18:12:55,356 [Server thread] INFO Treasure2 | SurfaceChestWorldGenerator.java:376 | CHEATER! SCARCE chest at coords: 872 65 760
2020-04-20 18:12:58,790 [Server thread] INFO Treasure2 | SurfaceChestWorldGenerator.java:376 | CHEATER! COMMON chest at coords: 968 99 792
2020-04-20 18:13:15,392 [Server thread] INFO Treasure2 | SurfaceChestWorldGenerator.java:376 | CHEATER! UNCOMMON chest at coords: 1016 68 520
2020-04-20 18:13:17,601 [Server thread] INFO Treasure2 | SurfaceChestWorldGenerator.java:376 | CHEATER! SCARCE chest at coords: 1048 103 712
2020-04-20 18:13:19,573 [Server thread] INFO Treasure2 | SurfaceChestWorldGenerator.java:376 | CHEATER! UNCOMMON chest at coords: 1064 102 792
2020-04-20 18:13:21,332 [Server thread] INFO Treasure2 | SurfaceChestWorldGenerator.java:376 | CHEATER! COMMON chest at coords: 1144 78 472
2020-04-20 18:13:22,499 [Server thread] INFO Treasure2 | WellGenerator.java:122 | CHEATER! Wishing Well at coords: 1094 109 824
2020-04-20 18:13:33,561 [Server thread] INFO Treasure2 | SurfaceChestWorldGenerator.java:376 | CHEATER! COMMON chest at coords: 1128 63 568
2020-04-20 18:13:36,155 [Server thread] INFO Treasure2 | SurfaceChestWorldGenerator.java:376 | CHEATER! UNCOMMON chest at coords: 936 102 888
2020-04-20 18:13:40,106 [Server thread] INFO Treasure2 | SurfaceChestWorldGenerator.java:376 | CHEATER! COMMON chest at coords: 856 69 920
2020-04-20 18:13:50,822 [Server thread] INFO Treasure2 | SurfaceChestWorldGenerator.java:376 | CHEATER! COMMON chest at coords: 1224 63 648
2020-04-20 18:13:57,668 [Server thread] INFO Treasure2 | SurfaceChestWorldGenerator.java:376 | CHEATER! SCARCE chest at coords: 1304 63 872
2020-04-20 18:14:12,038 [Server thread] INFO Treasure2 | WellGenerator.java:122 | CHEATER! Wishing Well at coords: 1320 65 774
2020-04-20 18:14:13,481 [Server thread] INFO Treasure2 | SurfaceChestWorldGenerator.java:376 | CHEATER! COMMON chest at coords: 1320 63 1016
2020-04-20 18:14:14,962 [Server thread] INFO Treasure2 | SurfaceChestWorldGenerator.java:376 | CHEATER! COMMON chest at coords: 1368 72 760
2020-04-20 18:14:21,432 [Server thread] INFO Treasure2 | SurfaceChestWorldGenerator.java:376 | CHEATER! UNCOMMON chest at coords: 1416 74 840
2020-04-20 18:14:25,304 [Server thread] INFO Treasure2 | SurfaceChestWorldGenerator.java:376 | CHEATER! SCARCE chest at coords: 1448 70 936
2020-04-20 18:14:31,948 [Server thread] INFO Treasure2 | SurfaceChestWorldGenerator.java:376 | CHEATER! COMMON chest at coords: 1480 67 1048
2020-04-20 18:14:40,458 [Server thread] INFO Treasure2 | SubmergedChestWorldGenerator.java:287 | CHEATER! SCARCE chest at coords: 1203 51 1208
2020-04-20 18:15:20,631 [Server thread] INFO Treasure2 | SurfaceChestWorldGenerator.java:376 | CHEATER! UNCOMMON chest at coords: 1528 69 1112
2020-04-20 18:16:13,428 [Server thread] INFO Treasure2 | SurfaceChestWorldGenerator.java:376 | CHEATER! COMMON chest at coords: 1560 67 1016
2020-04-20 18:16:15,712 [Server thread] INFO Treasure2 | SurfaceChestWorldGenerator.java:376 | CHEATER! RARE chest at coords: 1576 82 888
2020-04-20 18:16:20,458 [Server thread] INFO Treasure2 | SurfaceChestWorldGenerator.java:376 | CHEATER! COMMON chest at coords: 1640 71 1016
2020-04-20 18:16:24,260 [Server thread] INFO Treasure2 | WellGenerator.java:122 | CHEATER! Wishing Well at coords: 1702 64 934
2020-04-20 18:16:24,541 [Server thread] INFO Treasure2 | SurfaceChestWorldGenerator.java:376 | CHEATER! UNCOMMON chest at coords: 1640 64 840
2020-04-20 18:16:25,648 [Server thread] INFO Treasure2 | SurfaceChestWorldGenerator.java:376 | CHEATER! EPIC chest at coords: 1672 88 728
2020-04-20 18:16:26,280 [Server thread] INFO Treasure2 | SurfaceChestWorldGenerator.java:376 | CHEATER! COMMON chest at coords: 1560 86 760
2020-04-20 18:16:26,955 [Server thread] INFO Treasure2 | SurfaceChestWorldGenerator.java:376 | CHEATER! UNCOMMON chest at coords: 1720 65 936
2020-04-20 18:16:27,803 [Server thread] INFO Treasure2 | SubmergedChestWorldGenerator.java:287 | CHEATER! RARE chest at coords: 1620 49 1203
2020-04-20 18:16:32,585 [Server thread] INFO Treasure2 | SurfaceChestWorldGenerator.java:376 | CHEATER! SCARCE chest at coords: 1752 77 1160
2020-04-20 18:16:41,412 [Server thread] INFO Treasure2 | SurfaceChestWorldGenerator.java:376 | CHEATER! RARE chest at coords: 1816 64 872
2020-04-20 18:16:44,663 [Server thread] INFO Treasure2 | SurfaceChestWorldGenerator.java:376 | CHEATER! COMMON chest at coords: 1864 86 1096
2020-04-20 18:16:52,353 [Server thread] INFO Treasure2 | SurfaceChestWorldGenerator.java:376 | CHEATER! UNCOMMON chest at coords: 1912 84 1160
2020-04-20 18:17:00,148 [Server thread] INFO Treasure2 | SurfaceChestWorldGenerator.java:376 | CHEATER! SCARCE chest at coords: 1992 71 1048
2020-04-20 18:17:01,915 [Server thread] INFO Treasure2 | SubmergedChestWorldGenerator.java:287 | CHEATER! SCARCE chest at coords: 2008 46 968
2020-04-20 18:17:02,058 [Server thread] INFO Treasure2 | WellGenerator.java:122 | CHEATER! Wishing Well at coords: 2006 74 1048
2020-04-20 18:17:06,338 [Server thread] INFO Treasure2 | SurfaceChestWorldGenerator.java:376 | CHEATER! UNCOMMON chest at coords: 1784 90 1240
2020-04-20 18:17:13,852 [Server thread] INFO Treasure2 | SurfaceChestWorldGenerator.java:376 | CHEATER! RARE chest at coords: 1976 75 1288
2020-04-20 18:17:29,171 [Server thread] INFO Treasure2 | SurfaceChestWorldGenerator.java:376 | CHEATER! SCARCE chest at coords: 1768 76 1352
2020-04-20 18:22:18,477 [Server thread] INFO Treasure2 | SurfaceChestWorldGenerator.java:376 | CHEATER! UNCOMMON chest at coords: 1864 87 1384
2020-04-20 18:29:30,475 [Server thread] INFO Treasure2 | SurfaceChestWorldGenerator.java:376 | CHEATER! COMMON chest at coords: -344 93 216
2020-04-20 18:29:37,981 [Server thread] INFO Treasure2 | SurfaceChestWorldGenerator.java:376 | CHEATER! UNCOMMON chest at coords: -376 73 376
2020-04-20 18:29:44,756 [Server thread] INFO Treasure2 | SurfaceChestWorldGenerator.java:376 | CHEATER! SCARCE chest at coords: -200 69 440
2020-04-20 18:29:53,371 [Server thread] INFO Treasure2 | SurfaceChestWorldGenerator.java:376 | CHEATER! UNCOMMON chest at coords: -424 84 280
2020-04-20 18:29:53,571 [Server thread] INFO Treasure2 | WellGenerator.java:122 | CHEATER! Wishing Well at coords: -426 64 184
2020-04-20 18:30:00,166 [Server thread] INFO Treasure2 | WitherTreeWorldGenerator.java:354 | CHEATER! wither chest at coords: -440 70 120
2020-04-20 18:30:11,629 [Server thread] INFO Treasure2 | SurfaceChestWorldGenerator.java:376 | CHEATER! COMMON chest at coords: -456 70 200
2020-04-20 18:30:19,565 [Server thread] INFO Treasure2 | SurfaceChestWorldGenerator.java:376 | CHEATER! COMMON chest at coords: -488 66 392
2020-04-20 18:30:25,808 [Server thread] INFO Treasure2 | SurfaceChestWorldGenerator.java:376 | CHEATER! SCARCE chest at coords: -520 66 120
2020-04-20 18:31:00,338 [Server thread] INFO Treasure2 | SurfaceChestWorldGenerator.java:376 | CHEATER! COMMON chest at coords: -552 66 216
2020-04-20 18:31:18,577 [Server thread] INFO Treasure2 | SurfaceChestWorldGenerator.java:376 | CHEATER! COMMON chest at coords: -568 74 328
2020-04-20 18:31:33,085 [Server thread] INFO Treasure2 | SurfaceChestWorldGenerator.java:376 | CHEATER! SCARCE chest at coords: -616 64 24
2020-04-20 18:32:07,809 [Server thread] INFO Treasure2 | WellGenerator.java:122 | CHEATER! Wishing Well at coords: -728 75 248
2020-04-20 18:32:17,630 [Server thread] INFO Treasure2 | SurfaceChestWorldGenerator.java:376 | CHEATER! COMMON chest at coords: -680 66 152
2020-04-20 18:32:49,365 [Server thread] INFO Treasure2 | SurfaceChestWorldGenerator.java:376 | CHEATER! SCARCE chest at coords: -440 66 -8
2020-04-20 18:33:12,128 [Server thread] INFO Treasure2 | SurfaceChestWorldGenerator.java:376 | CHEATER! COMMON chest at coords: -360 77 -40
2020-04-20 18:33:32,030 [Server thread] INFO Treasure2 | SurfaceChestWorldGenerator.java:376 | CHEATER! EPIC chest at coords: -648 65 -72
2020-04-20 18:33:48,468 [Server thread] INFO Treasure2 | SurfaceChestWorldGenerator.java:376 | CHEATER! UNCOMMON chest at coords: -536 68 -104
2020-04-20 18:33:56,798 [Server thread] INFO Treasure2 | SurfaceChestWorldGenerator.java:376 | CHEATER! COMMON chest at coords: -456 67 -120
2020-04-20 18:34:16,474 [Server thread] INFO Treasure2 | SurfaceChestWorldGenerator.java:376 | CHEATER! COMMON chest at coords: -376 85 -152
2020-04-20 18:34:49,143 [Server thread] INFO Treasure2 | SurfaceChestWorldGenerator.java:376 | CHEATER! RARE chest at coords: -696 73 8
2020-04-20 18:35:35,253 [Server thread] INFO Treasure2 | SurfaceChestWorldGenerator.java:376 | CHEATER! COMMON chest at coords: -776 64 -8
2020-04-20 18:35:35,615 [Server thread] INFO Treasure2 | WellGenerator.java:122 | CHEATER! Wishing Well at coords: -762 77 104
2020-04-20 18:35:35,825 [Server thread] INFO Treasure2 | WitherTreeWorldGenerator.java:354 | CHEATER! wither chest at coords: -744 70 72
2020-04-20 18:35:57,336 [Server thread] INFO Treasure2 | SurfaceChestWorldGenerator.java:376 | CHEATER! COMMON chest at coords: -776 76 152
2020-04-20 18:36:03,988 [Server thread] INFO Treasure2 | SurfaceChestWorldGenerator.java:376 | CHEATER! COMMON chest at coords: -808 74 248
2020-04-20 18:36:17,204 [Server thread] INFO Treasure2 | SurfaceChestWorldGenerator.java:376 | CHEATER! UNCOMMON chest at coords: -856 75 56
2020-04-20 18:36:48,267 [Server thread] INFO Treasure2 | SurfaceChestWorldGenerator.java:376 | CHEATER! SCARCE chest at coords: -696 68 376
2020-04-20 18:37:19,209 [Server thread] INFO Treasure2 | SurfaceChestWorldGenerator.java:376 | CHEATER! UNCOMMON chest at coords: -632 72 440
2020-04-20 18:37:27,884 [Server thread] INFO Treasure2 | SurfaceChestWorldGenerator.java:376 | CHEATER! COMMON chest at coords: -504 64 472
2020-04-20 18:39:41,326 [Server thread] INFO Treasure2 | SurfaceChestWorldGenerator.java:376 | CHEATER! COMMON chest at coords: -696 73 552
2020-04-20 18:39:41,539 [Server thread] INFO Treasure2 | WellGenerator.java:122 | CHEATER! Wishing Well at coords: -522 67 552
2020-04-20 18:39:45,171 [Server thread] INFO Treasure2 | SurfaceChestWorldGenerator.java:376 | CHEATER! COMMON chest at coords: -408 68 568
2020-04-20 18:40:02,229 [Server thread] INFO Treasure2 | SurfaceChestWorldGenerator.java:376 | CHEATER! UNCOMMON chest at coords: -584 68 616
2020-04-20 18:40:06,222 [Server thread] INFO Treasure2 | SurfaceChestWorldGenerator.java:376 | CHEATER! SCARCE chest at coords: -472 65 632
2020-04-20 18:40:16,191 [Server thread] INFO Treasure2 | SurfaceChestWorldGenerator.java:376 | CHEATER! RARE chest at coords: -664 79 680
2020-04-20 18:40:27,283 [Server thread] INFO Treasure2 | SurfaceChestWorldGenerator.java:376 | CHEATER! COMMON chest at coords: -648 64 760
2020-04-20 18:40:44,366 [Server thread] INFO Treasure2 | SurfaceChestWorldGenerator.java:376 | CHEATER! UNCOMMON chest at coords: -408 65 696
2020-04-20 18:41:02,965 [Server thread] INFO Treasure2 | SurfaceChestWorldGenerator.java:376 | CHEATER! COMMON chest at coords: -344 74 456
2020-04-20 18:41:08,296 [Server thread] INFO Treasure2 | SurfaceChestWorldGenerator.java:376 | CHEATER! COMMON chest at coords: -312 68 632
2020-04-20 18:41:14,690 [Server thread] INFO Treasure2 | SurfaceChestWorldGenerator.java:376 | CHEATER! COMMON chest at coords: -280 66 728
2020-04-20 18:41:18,152 [Server thread] INFO Treasure2 | WellGenerator.java:122 | CHEATER! Wishing Well at coords: -266 66 454
2020-04-20 18:41:22,382 [Server thread] INFO Treasure2 | WitherTreeWorldGenerator.java:354 | CHEATER! wither chest at coords: -248 63 472
2020-04-20 18:41:26,797 [Server thread] INFO Treasure2 | SurfaceChestWorldGenerator.java:376 | CHEATER! SCARCE chest at coords: -232 66 552
2020-04-20 18:41:32,897 [Server thread] INFO Treasure2 | SurfaceChestWorldGenerator.java:376 | CHEATER! UNCOMMON chest at coords: -200 94 632
2020-04-20 18:41:48,770 [Server thread] INFO Treasure2 | SurfaceChestWorldGenerator.java:376 | CHEATER! COMMON chest at coords: -136 65 584
2020-04-20 18:41:54,502 [Server thread] INFO Treasure2 | SurfaceChestWorldGenerator.java:376 | CHEATER! COMMON chest at coords: -104 114 664
2020-04-20 18:42:16,062 [Server thread] INFO Treasure2 | SurfaceChestWorldGenerator.java:376 | CHEATER! SCARCE chest at coords: -40 73 520
2020-04-20 18:42:39,527 [Server thread] INFO Treasure2 | SurfaceChestWorldGenerator.java:376 | CHEATER! EPIC chest at coords: 24 90 472
