[16:03:31] [Server thread/INFO]: Loading properties
[16:03:31] [Server console handler/ERROR]: Exception handling console input
java.io.IOException: The handle is invalid
	at java.io.FileInputStream.readBytes(Native Method) ~[?:?]
	at java.io.FileInputStream.read(Unknown Source) ~[?:?]
	at java.io.BufferedInputStream.read1(Unknown Source) ~[?:?]
	at java.io.BufferedInputStream.read(Unknown Source) ~[?:?]
	at sun.nio.cs.StreamDecoder.readBytes(Unknown Source) ~[?:?]
	at sun.nio.cs.StreamDecoder.implRead(Unknown Source) ~[?:?]
	at sun.nio.cs.StreamDecoder.read(Unknown Source) ~[?:?]
	at java.io.InputStreamReader.read(Unknown Source) ~[?:?]
	at java.io.BufferedReader.fill(Unknown Source) ~[?:?]
	at java.io.BufferedReader.readLine(Unknown Source) ~[?:?]
	at java.io.BufferedReader.readLine(Unknown Source) ~[?:?]
	at nz$2.run(SourceFile:100) [minecraft_server.1.12.2.jar:?]
[16:03:31] [Server thread/INFO]: Default game type: SURVIVAL
[16:03:31] [Server thread/INFO]: Generating keypair
[16:03:31] [Server thread/INFO]: Starting Minecraft server on *:25565
[16:03:31] [Server thread/INFO]: Using default channel type
[16:03:32] [Server thread/INFO]: Preparing level "world"
[16:03:32] [Server thread/ERROR]: Exception reading .\world\level.dat
java.lang.IllegalArgumentException: Invalid dimension id 7
	at ayn.a(SourceFile:60) ~[minecraft_server.1.12.2.jar:?]
	at bfd.<init>(SourceFile:205) ~[minecraft_server.1.12.2.jar:?]
	at bfc.a(SourceFile:85) [minecraft_server.1.12.2.jar:?]
	at bfc.c(SourceFile:67) [minecraft_server.1.12.2.jar:?]
	at bez.b(SourceFile:96) [minecraft_server.1.12.2.jar:?]
	at net.minecraft.server.MinecraftServer.a(SourceFile:195) [minecraft_server.1.12.2.jar:?]
	at net.minecraft.server.MinecraftServer.a(SourceFile:238) [minecraft_server.1.12.2.jar:?]
	at nz.j(SourceFile:233) [minecraft_server.1.12.2.jar:?]
	at net.minecraft.server.MinecraftServer.run(SourceFile:434) [minecraft_server.1.12.2.jar:?]
	at java.lang.Thread.run(Unknown Source) [?:?]
[16:03:32] [Server thread/ERROR]: Exception reading .\world\level.dat_old
java.lang.IllegalArgumentException: Invalid dimension id 7
	at ayn.a(SourceFile:60) ~[minecraft_server.1.12.2.jar:?]
	at bfd.<init>(SourceFile:205) ~[minecraft_server.1.12.2.jar:?]
	at bfc.a(SourceFile:85) [minecraft_server.1.12.2.jar:?]
	at bfc.c(SourceFile:75) [minecraft_server.1.12.2.jar:?]
	at bez.b(SourceFile:96) [minecraft_server.1.12.2.jar:?]
	at net.minecraft.server.MinecraftServer.a(SourceFile:195) [minecraft_server.1.12.2.jar:?]
	at net.minecraft.server.MinecraftServer.a(SourceFile:238) [minecraft_server.1.12.2.jar:?]
	at nz.j(SourceFile:233) [minecraft_server.1.12.2.jar:?]
	at net.minecraft.server.MinecraftServer.run(SourceFile:434) [minecraft_server.1.12.2.jar:?]
	at java.lang.Thread.run(Unknown Source) [?:?]
[16:03:32] [Server thread/ERROR]: Exception reading .\world\level.dat
java.lang.IllegalArgumentException: Invalid dimension id 7
	at ayn.a(SourceFile:60) ~[minecraft_server.1.12.2.jar:?]
	at bfd.<init>(SourceFile:205) ~[minecraft_server.1.12.2.jar:?]
	at bfc.a(SourceFile:85) [minecraft_server.1.12.2.jar:?]
	at bfb.d(SourceFile:100) [minecraft_server.1.12.2.jar:?]
	at net.minecraft.server.MinecraftServer.a(SourceFile:248) [minecraft_server.1.12.2.jar:?]
	at nz.j(SourceFile:233) [minecraft_server.1.12.2.jar:?]
	at net.minecraft.server.MinecraftServer.run(SourceFile:434) [minecraft_server.1.12.2.jar:?]
	at java.lang.Thread.run(Unknown Source) [?:?]
[16:03:32] [Server thread/ERROR]: Exception reading .\world\level.dat_old
java.lang.IllegalArgumentException: Invalid dimension id 7
	at ayn.a(SourceFile:60) ~[minecraft_server.1.12.2.jar:?]
	at bfd.<init>(SourceFile:205) ~[minecraft_server.1.12.2.jar:?]
	at bfc.a(SourceFile:85) [minecraft_server.1.12.2.jar:?]
	at bfb.d(SourceFile:107) [minecraft_server.1.12.2.jar:?]
	at net.minecraft.server.MinecraftServer.a(SourceFile:248) [minecraft_server.1.12.2.jar:?]
	at nz.j(SourceFile:233) [minecraft_server.1.12.2.jar:?]
	at net.minecraft.server.MinecraftServer.run(SourceFile:434) [minecraft_server.1.12.2.jar:?]
	at java.lang.Thread.run(Unknown Source) [?:?]
[16:03:32] [Server thread/INFO]: Loaded 488 advancements
[16:03:32] [Server thread/WARN]: Skipping Structure with id BOPTemple
[16:03:32] [Server thread/WARN]: Skipping Structure with id BOPTemple
[16:03:32] [Server thread/WARN]: Skipping Structure with id BOPTemple
[16:03:32] [Server thread/WARN]: Skipping Structure with id BOPTemple
[16:03:32] [Server thread/WARN]: Skipping Structure with id BOPTemple
[16:03:32] [Server thread/WARN]: Ignoring unknown attribute 'forge.swimSpeed'
[16:03:32] [Server thread/WARN]: Ignoring unknown attribute 'forge.swimSpeed'
[16:03:32] [Server thread/WARN]: Skipping Entity with id mowziesmobs:grottol
[16:03:32] [Server thread/INFO]: Preparing start region for level 0
[16:03:32] [Server thread/WARN]: Ignoring unknown attribute 'tc.mobmod'
[16:03:32] [Server thread/WARN]: Ignoring unknown attribute 'tc.mobmodtaint'
[16:03:32] [Server thread/WARN]: Ignoring unknown attribute 'forge.swimSpeed'
[16:03:32] [Server thread/WARN]: Skipping BlockEntity with id quark:monster_box
[16:03:32] [Server thread/WARN]: Ignoring unknown attribute 'tc.mobmod'
[16:03:32] [Server thread/WARN]: Ignoring unknown attribute 'tc.mobmodtaint'
[16:03:32] [Server thread/WARN]: Ignoring unknown attribute 'forge.swimSpeed'
[16:03:32] [Server thread/WARN]: Skipping BlockEntity with id minecraft:doortileentity
[16:03:32] [Server thread/WARN]: Skipping BlockEntity with id forestry:hive_wild
[16:03:32] [Server thread/WARN]: Ignoring unknown attribute 'tc.mobmod'
[16:03:32] [Server thread/WARN]: Ignoring unknown attribute 'tc.mobmodtaint'
[16:03:32] [Server thread/WARN]: Ignoring unknown attribute 'forge.swimSpeed'
[16:03:32] [Server thread/WARN]: Ignoring unknown attribute 'tc.mobmod'
[16:03:32] [Server thread/WARN]: Ignoring unknown attribute 'tc.mobmodtaint'
[16:03:32] [Server thread/WARN]: Ignoring unknown attribute 'forge.swimSpeed'
[16:03:32] [Server thread/WARN]: Skipping BlockEntity with id vampirism:blood_container
[16:03:32] [Server thread/WARN]: Skipping BlockEntity with id vampirism:altar_inspiration
[16:03:32] [Server thread/WARN]: Skipping BlockEntity with id treasure2:gravestone_proximity_spawner_tile_entity
[16:03:32] [Server thread/WARN]: Skipping BlockEntity with id treasure2:gravestone_proximity_spawner_tile_entity
[16:03:32] [Server thread/WARN]: Skipping BlockEntity with id treasure2:crate_chest_tile_entity
[16:03:32] [Server thread/WARN]: Skipping BlockEntity with id treasure2:gravestone_proximity_spawner_tile_entity
[16:03:32] [Server thread/WARN]: Skipping BlockEntity with id treasure2:gravestone_proximity_spawner_tile_entity
[16:03:33] [Server thread/WARN]: Skipping BlockEntity with id charm:crate
[16:03:33] [Server thread/WARN]: Skipping BlockEntity with id charm:crate
[16:03:33] [Server thread/WARN]: Ignoring unknown attribute 'tc.mobmod'
[16:03:33] [Server thread/WARN]: Ignoring unknown attribute 'tc.mobmodtaint'
[16:03:33] [Server thread/WARN]: Ignoring unknown attribute 'forge.swimSpeed'
[16:03:33] [Server thread/WARN]: Skipping BlockEntity with id vampirism:altar_inspiration
[16:03:33] [Server thread/WARN]: Skipping BlockEntity with id minecraft:trapdoortileentity
[16:03:33] [Server thread/WARN]: Skipping BlockEntity with id minecraft:doortileentity
[16:03:33] [Server thread/WARN]: Skipping BlockEntity with id quark:monster_box
[16:03:33] [Server thread/WARN]: Skipping Entity with id bewitchment:raven
[16:03:33] [Server thread/WARN]: Skipping Entity with id mysticalworld:entity_owl
[16:03:33] [Server thread/WARN]: Ignoring unknown attribute 'tc.mobmod'
[16:03:33] [Server thread/WARN]: Ignoring unknown attribute 'tc.mobmodtaint'
[16:03:33] [Server thread/WARN]: Ignoring unknown attribute 'forge.swimSpeed'
[16:03:33] [Server thread/WARN]: Ignoring unknown attribute 'tc.mobmod'
[16:03:33] [Server thread/WARN]: Ignoring unknown attribute 'tc.mobmodtaint'
[16:03:33] [Server thread/WARN]: Ignoring unknown attribute 'forge.swimSpeed'
[16:03:33] [Server thread/WARN]: Skipping Entity with id mysticalworld:entity_owl
[16:03:33] [Server thread/WARN]: Skipping Entity with id bewitchment:raven
[16:03:33] [Server thread/WARN]: Skipping BlockEntity with id forestry:hive_wild
[16:03:33] [Server thread/WARN]: Ignoring unknown attribute 'tc.mobmod'
[16:03:33] [Server thread/WARN]: Ignoring unknown attribute 'tc.mobmodtaint'
[16:03:33] [Server thread/WARN]: Ignoring unknown attribute 'forge.swimSpeed'
[16:03:33] [Server thread/WARN]: Ignoring unknown attribute 'tc.mobmod'
[16:03:33] [Server thread/WARN]: Ignoring unknown attribute 'tc.mobmodtaint'
[16:03:33] [Server thread/WARN]: Ignoring unknown attribute 'forge.swimSpeed'
[16:03:33] [Server thread/WARN]: Skipping Entity with id bewitchment:raven
[16:03:33] [Server thread/WARN]: Skipping Entity with id bewitchment:raven
[16:03:33] [Server thread/WARN]: Skipping Entity with id bewitchment:raven
[16:03:33] [Server thread/WARN]: Skipping Entity with id bewitchment:raven
[16:03:33] [Server thread/WARN]: Ignoring unknown attribute 'tc.mobmod'
[16:03:33] [Server thread/WARN]: Ignoring unknown attribute 'tc.mobmodtaint'
[16:03:33] [Server thread/WARN]: Ignoring unknown attribute 'forge.swimSpeed'
[16:03:33] [Server thread/WARN]: Skipping BlockEntity with id charm:crate
[16:03:33] [Server thread/WARN]: Skipping BlockEntity with id treasure2:wood_chest_tile_entity
[16:03:33] [Server thread/WARN]: Skipping BlockEntity with id treasure2:gravestone_proximity_spawner_tile_entity
[16:03:33] [Server thread/WARN]: Skipping BlockEntity with id treasure2:gravestone_proximity_spawner_tile_entity
[16:03:33] [Server thread/WARN]: Skipping Entity with id bewitchment:raven
[16:03:33] [Server thread/WARN]: Skipping BlockEntity with id charm:crate
[16:03:33] [Server thread/WARN]: Skipping Entity with id bewitchment:raven
[16:03:33] [Server thread/WARN]: Skipping Entity with id bewitchment:raven
[16:03:33] [Server thread/WARN]: Skipping BlockEntity with id charm:crate
[16:03:33] [Server thread/WARN]: Ignoring unknown attribute 'tc.mobmod'
[16:03:33] [Server thread/WARN]: Ignoring unknown attribute 'tc.mobmodtaint'
[16:03:33] [Server thread/WARN]: Ignoring unknown attribute 'forge.swimSpeed'
[16:03:33] [Server thread/WARN]: Ignoring unknown attribute 'tc.mobmod'
[16:03:33] [Server thread/WARN]: Ignoring unknown attribute 'tc.mobmodtaint'
[16:03:33] [Server thread/WARN]: Ignoring unknown attribute 'forge.swimSpeed'
[16:03:33] [Server thread/WARN]: Ignoring unknown attribute 'tc.mobmod'
[16:03:33] [Server thread/WARN]: Ignoring unknown attribute 'tc.mobmodtaint'
[16:03:33] [Server thread/WARN]: Ignoring unknown attribute 'forge.swimSpeed'
[16:03:33] [Server thread/WARN]: Skipping BlockEntity with id vampirism:blood_container
[16:03:33] [Server thread/WARN]: Skipping BlockEntity with id vampirism:altar_inspiration
[16:03:33] [Server thread/WARN]: Skipping BlockEntity with id forestry:hive_wild
[16:03:33] [Server thread/WARN]: Ignoring unknown attribute 'tc.mobmod'
[16:03:33] [Server thread/WARN]: Ignoring unknown attribute 'tc.mobmodtaint'
[16:03:33] [Server thread/WARN]: Ignoring unknown attribute 'forge.swimSpeed'
[16:03:33] [Server thread/WARN]: Ignoring unknown attribute 'tc.mobmod'
[16:03:33] [Server thread/WARN]: Ignoring unknown attribute 'tc.mobmodtaint'
[16:03:33] [Server thread/WARN]: Ignoring unknown attribute 'forge.swimSpeed'
[16:03:33] [Server thread/WARN]: Ignoring unknown attribute 'tc.mobmod'
[16:03:33] [Server thread/WARN]: Ignoring unknown attribute 'tc.mobmodtaint'
[16:03:33] [Server thread/WARN]: Ignoring unknown attribute 'forge.swimSpeed'
[16:03:33] [Server thread/WARN]: Ignoring unknown attribute 'tc.mobmod'
[16:03:33] [Server thread/WARN]: Ignoring unknown attribute 'tc.mobmodtaint'
[16:03:33] [Server thread/WARN]: Ignoring unknown attribute 'forge.swimSpeed'
[16:03:33] [Server thread/WARN]: Skipping Entity with id bewitchment:raven
[16:03:33] [Server thread/WARN]: Skipping BlockEntity with id charm:crate
[16:03:33] [Server thread/WARN]: Skipping BlockEntity with id charm:crate
[16:03:33] [Server thread/WARN]: Ignoring unknown attribute 'tc.mobmod'
[16:03:33] [Server thread/WARN]: Ignoring unknown attribute 'tc.mobmodtaint'
[16:03:33] [Server thread/WARN]: Ignoring unknown attribute 'forge.swimSpeed'
[16:03:33] [Server thread/WARN]: Skipping Entity with id mod_lavacow:raven
[16:03:33] [Server thread/WARN]: Tried to add entity minecraft:item but it was marked as removed already
[16:03:33] [Server thread/WARN]: Skipping BlockEntity with id astralsorcery:tileoregenerator
[16:03:33] [Server thread/WARN]: Tried to add entity minecraft:item but it was marked as removed already
[16:03:33] [Server thread/WARN]: Tried to add entity minecraft:item but it was marked as removed already
[16:03:33] [Server thread/WARN]: Tried to add entity minecraft:item but it was marked as removed already
[16:03:33] [Server thread/WARN]: Skipping BlockEntity with id charm:crate
[16:03:33] [Server thread/WARN]: Ignoring unknown attribute 'tc.mobmod'
[16:03:33] [Server thread/WARN]: Ignoring unknown attribute 'tc.mobmodtaint'
[16:03:33] [Server thread/WARN]: Ignoring unknown attribute 'forge.swimSpeed'
[16:03:33] [Server thread/WARN]: Skipping BlockEntity with id charm:crate
[16:03:33] [Server thread/WARN]: Skipping BlockEntity with id forestry:hive_wild
[16:03:33] [Server thread/WARN]: Skipping BlockEntity with id charm:crate
[16:03:33] [Server thread/WARN]: Skipping Entity with id mysticalworld:entity_frog
[16:03:33] [Server thread/WARN]: Skipping BlockEntity with id charm:crate
[16:03:33] [Server thread/WARN]: Tried to add entity minecraft:item but it was marked as removed already
[16:03:33] [Server thread/WARN]: Tried to add entity minecraft:item but it was marked as removed already
[16:03:33] [Server thread/WARN]: Tried to add entity minecraft:item but it was marked as removed already
[16:03:33] [Server thread/WARN]: Skipping Entity with id bewitchment:raven
[16:03:33] [Server thread/WARN]: Skipping Entity with id bewitchment:raven
[16:03:33] [Server thread/WARN]: Skipping BlockEntity with id forestry:hive_wild
[16:03:33] [Server thread/WARN]: Skipping Entity with id bewitchment:raven
[16:03:33] [Server thread/WARN]: Skipping BlockEntity with id charm:crate
[16:03:33] [Server thread/WARN]: Skipping Entity with id mowziesmobs:ferrous_wroughtnaut
[16:03:33] [Server thread/WARN]: Skipping BlockEntity with id charm:crate
[16:03:33] [Server thread/WARN]: Skipping Entity with id mysticalworld:entity_deer
[16:03:33] [Server thread/WARN]: Ignoring unknown attribute 'tc.mobmod'
[16:03:33] [Server thread/WARN]: Ignoring unknown attribute 'tc.mobmodtaint'
[16:03:33] [Server thread/WARN]: Ignoring unknown attribute 'forge.swimSpeed'
[16:03:33] [Server thread/WARN]: Skipping BlockEntity with id charm:crate
[16:03:33] [Server thread/WARN]: Skipping Entity with id bewitchment:raven
[16:03:33] [Server thread/WARN]: Skipping BlockEntity with id charm:crate
[16:03:33] [Server thread/WARN]: Skipping Entity with id mysticalworld:entity_frog
[16:03:33] [Server thread/WARN]: Skipping BlockEntity with id forestry:hive_wild
[16:03:33] [Server thread/WARN]: Ignoring unknown attribute 'tc.mobmod'
[16:03:33] [Server thread/WARN]: Ignoring unknown attribute 'tc.mobmodtaint'
[16:03:33] [Server thread/WARN]: Ignoring unknown attribute 'forge.swimSpeed'
[16:03:33] [Server thread/WARN]: Skipping Entity with id mysticalworld:entity_deer
[16:03:33] [Server thread/WARN]: Skipping BlockEntity with id forestry:hive_wild
[16:03:33] [Server thread/WARN]: Skipping BlockEntity with id minecraft:trapdoortileentity
[16:03:33] [Server thread/WARN]: Skipping Entity with id primitivemobs:chameleon
[16:03:33] [Server thread/WARN]: Skipping BlockEntity with id charm:crate
[16:03:33] [Server thread/WARN]: Skipping BlockEntity with id charm:crate
[16:03:33] [Server thread/WARN]: Skipping BlockEntity with id treasure2:wood_chest_tile_entity
[16:03:33] [Server thread/WARN]: Skipping BlockEntity with id treasure2:gravestone_proximity_spawner_tile_entity
[16:03:33] [Server thread/WARN]: Skipping BlockEntity with id vampirism:tent
[16:03:33] [Server thread/WARN]: Skipping BlockEntity with id vampirism:tent
[16:03:33] [Server thread/WARN]: Skipping BlockEntity with id treasure2:gravestone_proximity_spawner_tile_entity
[16:03:33] [Server thread/WARN]: Skipping BlockEntity with id treasure2:gravestone_proximity_spawner_tile_entity
[16:03:33] [Server thread/WARN]: Skipping BlockEntity with id treasure2:gravestone_proximity_spawner_tile_entity
[16:03:33] [Server thread/WARN]: Skipping BlockEntity with id vampirism:tent
[16:03:33] [Server thread/WARN]: Skipping BlockEntity with id forestry:hive_wild
[16:03:33] [Server thread/WARN]: Ignoring unknown attribute 'tc.mobmod'
[16:03:33] [Server thread/WARN]: Ignoring unknown attribute 'tc.mobmodtaint'
[16:03:33] [Server thread/WARN]: Ignoring unknown attribute 'forge.swimSpeed'
[16:03:33] [Server thread/WARN]: Skipping BlockEntity with id quark:monster_box
[16:03:33] [Server thread/WARN]: Skipping Entity with id mysticalworld:entity_deer
[16:03:33] [Server thread/WARN]: Skipping BlockEntity with id forestry:hive_wild
[16:03:33] [Server thread/WARN]: Skipping BlockEntity with id forestry:hive_wild
[16:03:33] [Server thread/WARN]: Skipping Entity with id mowziesmobs:ferrous_wroughtnaut
[16:03:33] [Server thread/WARN]: Ignoring unknown attribute 'tc.mobmod'
[16:03:33] [Server thread/WARN]: Ignoring unknown attribute 'tc.mobmodtaint'
[16:03:33] [Server thread/WARN]: Ignoring unknown attribute 'forge.swimSpeed'
[16:03:33] [Server thread/WARN]: Skipping BlockEntity with id treasure2:wood_chest_tile_entity
[16:03:33] [Server thread/WARN]: Skipping BlockEntity with id charm:crate
[16:03:33] [Server thread/WARN]: Skipping BlockEntity with id charm:crate
[16:03:33] [Server thread/WARN]: Skipping BlockEntity with id forestry:hive_wild
[16:03:33] [Server thread/WARN]: Skipping BlockEntity with id charm:crate
[16:03:33] [Server thread/WARN]: Skipping BlockEntity with id quark:monster_box
[16:03:33] [Server thread/ERROR]: Couldn't load chunk
java.lang.NullPointerException: null
	at oo.b(SourceFile:526) ~[minecraft_server.1.12.2.jar:?]
	at aye.a(SourceFile:360) ~[minecraft_server.1.12.2.jar:?]
	at aye.a(SourceFile:97) ~[minecraft_server.1.12.2.jar:?]
	at aye.a(SourceFile:72) ~[minecraft_server.1.12.2.jar:?]
	at on.f(SourceFile:124) [minecraft_server.1.12.2.jar:?]
	at on.b(SourceFile:81) [minecraft_server.1.12.2.jar:?]
	at on.c(SourceFile:95) [minecraft_server.1.12.2.jar:?]
	at net.minecraft.server.MinecraftServer.l(SourceFile:328) [minecraft_server.1.12.2.jar:?]
	at net.minecraft.server.MinecraftServer.a(SourceFile:299) [minecraft_server.1.12.2.jar:?]
	at nz.j(SourceFile:233) [minecraft_server.1.12.2.jar:?]
	at net.minecraft.server.MinecraftServer.run(SourceFile:434) [minecraft_server.1.12.2.jar:?]
	at java.lang.Thread.run(Unknown Source) [?:?]
[16:03:33] [Server thread/WARN]: Skipping BlockEntity with id charm:crate
[16:03:33] [Server thread/WARN]: Skipping BlockEntity with id treasure2:gravestone_proximity_spawner_tile_entity
[16:03:33] [Server thread/WARN]: Skipping BlockEntity with id treasure2:crate_chest_moldy_tile_entity
[16:03:33] [Server thread/WARN]: Skipping BlockEntity with id treasure2:proximity_spawner_tile_entity
[16:03:33] [Server thread/WARN]: Skipping BlockEntity with id treasure2:gravestone_proximity_spawner_tile_entity
[16:03:33] [Server thread/WARN]: Skipping BlockEntity with id treasure2:gravestone_proximity_spawner_tile_entity
[16:03:33] [Server thread/WARN]: Skipping BlockEntity with id treasure2:proximity_spawner_tile_entity
[16:03:33] [Server thread/WARN]: Skipping BlockEntity with id treasure2:gravestone_proximity_spawner_tile_entity
[16:03:33] [Server thread/WARN]: Skipping BlockEntity with id charm:crate
[16:03:33] [Server thread/WARN]: Skipping Entity with id mysticalworld:entity_owl
[16:03:33] [Server thread/WARN]: Ignoring unknown attribute 'tc.mobmod'
[16:03:33] [Server thread/WARN]: Ignoring unknown attribute 'tc.mobmodtaint'
[16:03:33] [Server thread/WARN]: Ignoring unknown attribute 'forge.swimSpeed'
[16:03:33] [Server thread/WARN]: Skipping BlockEntity with id vampirism:altar_inspiration
[16:03:33] [Server thread/WARN]: Skipping BlockEntity with id vampirism:blood_container
[16:03:33] [Server thread/WARN]: Skipping BlockEntity with id vampirism:blood_container
[16:03:33] [Server thread/WARN]: Skipping Entity with id vampirism:converted_creature
[16:03:33] [Server thread/WARN]: Ignoring unknown attribute 'tc.mobmod'
[16:03:33] [Server thread/WARN]: Ignoring unknown attribute 'tc.mobmodtaint'
[16:03:33] [Server thread/WARN]: Ignoring unknown attribute 'forge.swimSpeed'
[16:03:33] [Server thread/WARN]: Skipping Entity with id mysticalworld:entity_deer
[16:03:33] [Server thread/WARN]: Skipping Entity with id primitivemobs:chameleon
[16:03:33] [Server thread/WARN]: Ignoring unknown attribute 'tc.mobmod'
[16:03:33] [Server thread/WARN]: Ignoring unknown attribute 'tc.mobmodtaint'
[16:03:33] [Server thread/WARN]: Ignoring unknown attribute 'forge.swimSpeed'
[16:03:33] [Server thread/WARN]: Ignoring unknown attribute 'tc.mobmod'
[16:03:33] [Server thread/WARN]: Ignoring unknown attribute 'tc.mobmodtaint'
[16:03:33] [Server thread/WARN]: Ignoring unknown attribute 'forge.swimSpeed'
[16:03:33] [Server thread/WARN]: Skipping BlockEntity with id charm:crate
[16:03:33] [Server thread/WARN]: Skipping BlockEntity with id charm:crate
[16:03:33] [Server thread/WARN]: Skipping BlockEntity with id quark:monster_box
[16:03:33] [Server thread/WARN]: Skipping BlockEntity with id charm:crate
[16:03:33] [Server thread/WARN]: Skipping Entity with id primitivemobs:support_creeper
[16:03:33] [Server thread/WARN]: Skipping BlockEntity with id charm:crate
[16:03:33] [Server thread/WARN]: Skipping BlockEntity with id astralsorcery:tilestructcontroller
[16:03:33] [Server thread/WARN]: Ignoring unknown attribute 'forge.swimSpeed'
[16:03:33] [Server thread/WARN]: Skipping Entity with id vampirism:vampire
[16:03:33] [Server thread/WARN]: Ignoring unknown attribute 'tc.mobmod'
[16:03:33] [Server thread/WARN]: Ignoring unknown attribute 'tc.mobmodtaint'
[16:03:33] [Server thread/WARN]: Ignoring unknown attribute 'forge.swimSpeed'
[16:03:33] [Server thread/WARN]: Skipping Entity with id mysticalworld:entity_owl
[16:03:33] [Server thread/WARN]: Skipping BlockEntity with id charm:crate
[16:03:33] [Server thread/WARN]: Ignoring unknown attribute 'tc.mobmod'
[16:03:33] [Server thread/WARN]: Ignoring unknown attribute 'tc.mobmodtaint'
[16:03:33] [Server thread/WARN]: Ignoring unknown attribute 'forge.swimSpeed'
[16:03:33] [Server thread/WARN]: Skipping Entity with id primitivemobs:chameleon
[16:03:33] [Server thread/WARN]: Skipping BlockEntity with id charm:crate
[16:03:33] [Server thread/WARN]: Skipping BlockEntity with id charm:crate
[16:03:33] [Server thread/WARN]: Ignoring unknown attribute 'tc.mobmod'
[16:03:33] [Server thread/WARN]: Ignoring unknown attribute 'tc.mobmodtaint'
[16:03:33] [Server thread/WARN]: Ignoring unknown attribute 'forge.swimSpeed'
[16:03:33] [Server thread/WARN]: Ignoring unknown attribute 'tc.mobmod'
[16:03:33] [Server thread/WARN]: Ignoring unknown attribute 'tc.mobmodtaint'
[16:03:33] [Server thread/WARN]: Ignoring unknown attribute 'forge.swimSpeed'
[16:03:33] [Server thread/WARN]: Skipping BlockEntity with id astralsorcery:tileoregenerator
[16:03:33] [Server thread/WARN]: Skipping BlockEntity with id charm:crate
[16:03:33] [Server thread/WARN]: Skipping Entity with id primitivemobs:chameleon
[16:03:33] [Server thread/WARN]: Skipping BlockEntity with id astralsorcery:tilecollectorcrystal
[16:03:33] [Server thread/WARN]: Skipping Entity with id primitivemobs:skeleton_warrior
[16:03:33] [Server thread/WARN]: Ignoring unknown attribute 'forge.swimSpeed'
[16:03:33] [Server thread/WARN]: Ignoring unknown attribute 'forge.swimSpeed'
[16:03:33] [Server thread/WARN]: Ignoring unknown attribute 'forge.swimSpeed'
[16:03:33] [Server thread/WARN]: Ignoring unknown attribute 'forge.swimSpeed'
[16:03:33] [Server thread/WARN]: Skipping Entity with id primitivemobs:skeleton_warrior
[16:03:33] [Server thread/WARN]: Skipping Entity with id primitivemobs:haunted_tool
[16:03:33] [Server thread/WARN]: Ignoring unknown attribute 'forge.swimSpeed'
[16:03:33] [Server thread/WARN]: Skipping BlockEntity with id forestry:hive_wild
[16:03:33] [Server thread/WARN]: Skipping Entity with id primitivemobs:chameleon
[16:03:33] [Server thread/WARN]: Skipping BlockEntity with id forestry:hive_wild
[16:03:33] [Server thread/WARN]: Ignoring unknown attribute 'tc.mobmod'
[16:03:33] [Server thread/WARN]: Ignoring unknown attribute 'tc.mobmodtaint'
[16:03:33] [Server thread/WARN]: Ignoring unknown attribute 'forge.swimSpeed'
[16:03:33] [Server thread/WARN]: Ignoring unknown attribute 'tc.mobmod'
[16:03:33] [Server thread/WARN]: Ignoring unknown attribute 'tc.mobmodtaint'
[16:03:33] [Server thread/WARN]: Ignoring unknown attribute 'forge.swimSpeed'
[16:03:33] [Server thread/WARN]: Ignoring unknown attribute 'tc.mobmod'
[16:03:33] [Server thread/WARN]: Ignoring unknown attribute 'tc.mobmodtaint'
[16:03:33] [Server thread/WARN]: Ignoring unknown attribute 'forge.swimSpeed'
[16:03:33] [Server thread/WARN]: Skipping Entity with id mysticalworld:entity_deer
[16:03:33] [Server thread/WARN]: Skipping BlockEntity with id randomthings:specialchest
[16:03:33] [Server thread/WARN]: Skipping BlockEntity with id randomthings:naturecore
[16:03:33] [Server thread/WARN]: Skipping Entity with id mysticalworld:entity_deer
[16:03:33] [Server thread/WARN]: Skipping BlockEntity with id vampirism:altar_inspiration
[16:03:33] [Server thread/WARN]: Skipping BlockEntity with id charm:crate
[16:03:33] [Server thread/WARN]: Skipping BlockEntity with id charm:crate
[16:03:33] [Server thread/WARN]: Skipping Entity with id primitivemobs:chameleon
[16:03:33] [Server thread/WARN]: Skipping Entity with id mysticalworld:entity_owl
[16:03:33] [Server thread/WARN]: Skipping BlockEntity with id forestry:hive_wild
[16:03:33] [Server thread/WARN]: Skipping Entity with id vampirism:vampire
[16:03:33] [Server thread/WARN]: Skipping Entity with id primitivemobs:chameleon
[16:03:33] [Server thread/WARN]: Skipping Entity with id primitivemobs:chameleon
[16:03:33] [Server thread/WARN]: Ignoring unknown attribute 'tc.mobmod'
[16:03:33] [Server thread/WARN]: Ignoring unknown attribute 'tc.mobmodtaint'
[16:03:33] [Server thread/WARN]: Ignoring unknown attribute 'forge.swimSpeed'
[16:03:33] [Server thread/WARN]: Skipping Entity with id primitivemobs:haunted_tool
[16:03:33] [Server thread/WARN]: Skipping Entity with id primitivemobs:chameleon
[16:03:33] [Server thread/WARN]: Skipping Entity with id instrumentalmobs:french_horn_creeper
[16:03:33] [Server thread/WARN]: Skipping BlockEntity with id charm:crate
[16:03:33] [Server thread/WARN]: Ignoring unknown attribute 'forge.swimSpeed'
[16:03:33] [Server thread/WARN]: Skipping Entity with id primitivemobs:bewitched_tome
[16:03:33] [Server thread/WARN]: Skipping BlockEntity with id charm:crate
[16:03:33] [Server thread/WARN]: Skipping BlockEntity with id charm:crate
[16:03:33] [Server thread/WARN]: Skipping BlockEntity with id quark:monster_box
[16:03:33] [Server thread/WARN]: Skipping Entity with id vampirism:vampire
[16:03:33] [Server thread/WARN]: Skipping Entity with id primitivemobs:chameleon
[16:03:33] [Server thread/WARN]: Skipping Entity with id primitivemobs:chameleon
[16:03:33] [Server thread/WARN]: Ignoring unknown attribute 'tc.mobmod'
[16:03:33] [Server thread/WARN]: Ignoring unknown attribute 'tc.mobmodtaint'
[16:03:33] [Server thread/WARN]: Ignoring unknown attribute 'forge.swimSpeed'
[16:03:33] [Server thread/WARN]: Skipping Entity with id primitivemobs:chameleon
[16:03:33] [Server thread/WARN]: Skipping BlockEntity with id minecraft:trapdoortileentity
[16:03:33] [Server thread/WARN]: Skipping BlockEntity with id minecraft:trapdoortileentity
[16:03:33] [Server thread/WARN]: Skipping BlockEntity with id treasure2:iron_strongbox_tile_entity
[16:03:33] [Server thread/WARN]: Skipping BlockEntity with id minecraft:trapdoortileentity
[16:03:33] [Server thread/WARN]: Skipping BlockEntity with id minecraft:trapdoortileentity
[16:03:33] [Server thread/WARN]: Skipping BlockEntity with id minecraft:trapdoortileentity
[16:03:33] [Server thread/WARN]: Skipping BlockEntity with id minecraft:trapdoortileentity
[16:03:33] [Server thread/WARN]: Skipping BlockEntity with id minecraft:trapdoortileentity
[16:03:33] [Server thread/WARN]: Skipping BlockEntity with id minecraft:trapdoortileentity
[16:03:33] [Server thread/WARN]: Skipping BlockEntity with id minecraft:trapdoortileentity
[16:03:33] [Server thread/WARN]: Skipping BlockEntity with id minecraft:trapdoortileentity
[16:03:33] [Server thread/WARN]: Skipping BlockEntity with id minecraft:trapdoortileentity
[16:03:33] [Server thread/WARN]: Skipping Entity with id primitivemobs:haunted_tool
[16:03:33] [Server thread/WARN]: Ignoring unknown attribute 'forge.swimSpeed'
[16:03:33] [Server thread/WARN]: Skipping Entity with id primitivemobs:chameleon
[16:03:33] [Server thread/WARN]: Skipping Entity with id primitivemobs:baby_spider
[16:03:33] [Server thread/WARN]: Skipping Entity with id mekanism:babyskeleton
[16:03:33] [Server thread/WARN]: Ignoring unknown attribute 'tc.mobmod'
[16:03:33] [Server thread/WARN]: Ignoring unknown attribute 'tc.mobmodtaint'
[16:03:33] [Server thread/WARN]: Ignoring unknown attribute 'forge.swimSpeed'
[16:03:33] [Server thread/WARN]: Skipping Entity with id primitivemobs:skeleton_warrior
[16:03:33] [Server thread/WARN]: Skipping Entity with id vampirism:vampire
[16:03:33] [Server thread/WARN]: Skipping Entity with id primitivemobs:skeleton_warrior
[16:03:33] [Server thread/WARN]: Skipping Entity with id primitivemobs:skeleton_warrior
[16:03:33] [Server thread/WARN]: Skipping Entity with id primitivemobs:haunted_tool
[16:03:33] [Server thread/WARN]: Skipping Entity with id instrumentalmobs:drum_zombie
[16:03:33] [Server thread/WARN]: Skipping Entity with id primitivemobs:haunted_tool
[16:03:33] [Server thread/WARN]: Ignoring unknown attribute 'tc.mobmod'
[16:03:33] [Server thread/WARN]: Ignoring unknown attribute 'tc.mobmodtaint'
[16:03:33] [Server thread/WARN]: Ignoring unknown attribute 'forge.swimSpeed'
[16:03:33] [Server thread/WARN]: Ignoring unknown attribute 'tc.mobmod'
[16:03:33] [Server thread/WARN]: Ignoring unknown attribute 'tc.mobmodtaint'
[16:03:33] [Server thread/WARN]: Ignoring unknown attribute 'forge.swimSpeed'
[16:03:33] [Server thread/WARN]: Ignoring unknown attribute 'tc.mobmod'
[16:03:33] [Server thread/WARN]: Ignoring unknown attribute 'tc.mobmodtaint'
[16:03:33] [Server thread/WARN]: Ignoring unknown attribute 'forge.swimSpeed'
[16:03:33] [Server thread/WARN]: Skipping Entity with id primitivemobs:skeleton_warrior
[16:03:33] [Server thread/WARN]: Skipping Entity with id primitivemobs:bewitched_tome
[16:03:33] [Server thread/WARN]: Ignoring unknown attribute 'tc.mobmod'
[16:03:33] [Server thread/WARN]: Ignoring unknown attribute 'tc.mobmodtaint'
[16:03:33] [Server thread/WARN]: Ignoring unknown attribute 'forge.swimSpeed'
[16:03:33] [Server thread/WARN]: Ignoring unknown attribute 'tc.mobmod'
[16:03:33] [Server thread/WARN]: Ignoring unknown attribute 'tc.mobmodtaint'
[16:03:33] [Server thread/WARN]: Ignoring unknown attribute 'forge.swimSpeed'
[16:03:33] [Server thread/WARN]: Ignoring unknown attribute 'tc.mobmod'
[16:03:33] [Server thread/WARN]: Ignoring unknown attribute 'tc.mobmodtaint'
[16:03:33] [Server thread/WARN]: Ignoring unknown attribute 'forge.swimSpeed'
[16:03:33] [Server thread/WARN]: Ignoring unknown attribute 'tc.mobmod'
[16:03:33] [Server thread/WARN]: Ignoring unknown attribute 'tc.mobmodtaint'
[16:03:33] [Server thread/WARN]: Ignoring unknown attribute 'forge.swimSpeed'
[16:03:33] [Server thread/WARN]: Ignoring unknown attribute 'forge.swimSpeed'
[16:03:33] [Server thread/WARN]: Skipping Entity with id primitivemobs:chameleon
[16:03:33] [Server thread/WARN]: Ignoring unknown attribute 'tc.mobmod'
[16:03:33] [Server thread/WARN]: Ignoring unknown attribute 'tc.mobmodtaint'
[16:03:33] [Server thread/WARN]: Ignoring unknown attribute 'forge.swimSpeed'
[16:03:33] [Server thread/WARN]: Skipping Entity with id primitivemobs:chameleon
[16:03:33] [Server thread/WARN]: Skipping BlockEntity with id charm:crate
[16:03:33] [Server thread/WARN]: Skipping Entity with id primitivemobs:chameleon
[16:03:33] [Server thread/WARN]: Skipping Entity with id primitivemobs:chameleon
[16:03:33] [Server thread/WARN]: Skipping Entity with id mysticalworld:entity_deer
[16:03:33] [Server thread/WARN]: Skipping Entity with id mysticalworld:entity_deer
[16:03:33] [Server thread/WARN]: Skipping BlockEntity with id charm:crate
[16:03:33] [Server thread/WARN]: Skipping BlockEntity with id charm:crate
[16:03:33] [Server thread/WARN]: Skipping BlockEntity with id charm:crate
[16:03:33] [Server thread/WARN]: Skipping BlockEntity with id charm:crate
[16:03:33] [Server thread/WARN]: Ignoring unknown attribute 'tc.mobmod'
[16:03:33] [Server thread/WARN]: Ignoring unknown attribute 'tc.mobmodtaint'
[16:03:33] [Server thread/WARN]: Ignoring unknown attribute 'forge.swimSpeed'
[16:03:33] [Server thread/WARN]: Skipping BlockEntity with id vampirism:blood_container
[16:03:33] [Server thread/WARN]: Skipping Entity with id instrumentalmobs:tuba_enderman
[16:03:33] [Server thread/WARN]: Skipping BlockEntity with id charm:crate
[16:03:33] [Server thread/WARN]: Skipping BlockEntity with id vampirism:altar_inspiration
[16:03:33] [Server thread/WARN]: Skipping Entity with id primitivemobs:chameleon
[16:03:33] [Server thread/WARN]: Skipping Entity with id primitivemobs:treasure_slime
[16:03:33] [Server thread/WARN]: Skipping Entity with id primitivemobs:baby_spider
[16:03:33] [Server thread/WARN]: Skipping Entity with id primitivemobs:baby_spider
[16:03:33] [Server thread/WARN]: Skipping Entity with id primitivemobs:mother_spider
[16:03:33] [Server thread/WARN]: Ignoring unknown attribute 'forge.swimSpeed'
[16:03:33] [Server thread/WARN]: Skipping Entity with id primitivemobs:chameleon
[16:03:33] [Server thread/WARN]: Skipping BlockEntity with id charm:crate
[16:03:33] [Server thread/WARN]: Skipping Entity with id primitivemobs:bewitched_tome
[16:03:33] [Server thread/WARN]: Skipping Entity with id primitivemobs:skeleton_warrior
[16:03:33] [Server thread/WARN]: Ignoring unknown attribute 'tc.mobmod'
[16:03:33] [Server thread/WARN]: Ignoring unknown attribute 'tc.mobmodtaint'
[16:03:33] [Server thread/WARN]: Ignoring unknown attribute 'forge.swimSpeed'
[16:03:33] [Server thread/WARN]: Skipping Entity with id primitivemobs:skeleton_warrior
[16:03:33] [Server thread/WARN]: Skipping BlockEntity with id treasure2:gravestone_proximity_spawner_tile_entity
[16:03:33] [Server thread/WARN]: Ignoring unknown attribute 'forge.swimSpeed'
[16:03:33] [Server thread/WARN]: Skipping BlockEntity with id minecraft:rats.rat_hole
[16:03:33] [Server thread/WARN]: Skipping BlockEntity with id charm:crate
[16:03:33] [Server thread/WARN]: Skipping BlockEntity with id minecraft:rats.rat_hole
[16:03:33] [Server thread/WARN]: Skipping Entity with id mowziesmobs:grottol
[16:03:33] [Server thread/WARN]: Ignoring unknown attribute 'tc.mobmod'
[16:03:33] [Server thread/WARN]: Ignoring unknown attribute 'tc.mobmodtaint'
[16:03:33] [Server thread/WARN]: Ignoring unknown attribute 'forge.swimSpeed'
[16:03:33] [Server thread/WARN]: Skipping BlockEntity with id minecraft:doortileentity
[16:03:33] [Server thread/WARN]: Skipping Entity with id primitivemobs:skeleton_warrior
[16:03:33] [Server thread/WARN]: Skipping Entity with id primitivemobs:chameleon
[16:03:33] [Server thread/WARN]: Skipping BlockEntity with id charm:crate
[16:03:33] [Server thread/WARN]: Skipping BlockEntity with id treasure2:ironbound_chest_tile_entity
[16:03:33] [Server thread/WARN]: Skipping BlockEntity with id treasure2:gravestone_proximity_spawner_tile_entity
[16:03:33] [Server thread/WARN]: Skipping BlockEntity with id treasure2:gravestone_proximity_spawner_tile_entity
[16:03:33] [Server thread/WARN]: Skipping BlockEntity with id treasure2:gravestone_proximity_spawner_tile_entity
[16:03:33] [Server thread/WARN]: Skipping BlockEntity with id quark:monster_box
[16:03:33] [Server thread/WARN]: Skipping Entity with id primitivemobs:chameleon
[16:03:33] [Server thread/WARN]: Ignoring unknown attribute 'tc.mobmod'
[16:03:33] [Server thread/WARN]: Ignoring unknown attribute 'tc.mobmodtaint'
[16:03:33] [Server thread/WARN]: Ignoring unknown attribute 'forge.swimSpeed'
[16:03:33] [Server thread/WARN]: Ignoring unknown attribute 'tc.mobmod'
[16:03:33] [Server thread/WARN]: Ignoring unknown attribute 'tc.mobmodtaint'
[16:03:33] [Server thread/WARN]: Ignoring unknown attribute 'forge.swimSpeed'
[16:03:33] [Server thread/WARN]: Ignoring unknown attribute 'tc.mobmod'
[16:03:33] [Server thread/WARN]: Ignoring unknown attribute 'tc.mobmodtaint'
[16:03:33] [Server thread/WARN]: Ignoring unknown attribute 'forge.swimSpeed'
[16:03:33] [Server thread/WARN]: Skipping BlockEntity with id charm:crate
[16:03:33] [Server thread/WARN]: Skipping BlockEntity with id buildcrafttransport:pipe_holder
[16:03:33] [Server thread/WARN]: Skipping BlockEntity with id buildcrafttransport:pipe_holder
[16:03:33] [Server thread/WARN]: Skipping BlockEntity with id buildcrafttransport:pipe_holder
[16:03:33] [Server thread/WARN]: Skipping BlockEntity with id buildcraftbuilders:quarry
[16:03:33] [Server thread/WARN]: Skipping BlockEntity with id buildcraftenergy:engine.stone
[16:03:33] [Server thread/WARN]: Skipping BlockEntity with id buildcrafttransport:pipe_holder
[16:03:33] [Server thread/WARN]: Skipping BlockEntity with id buildcraftenergy:engine.stone
[16:03:33] [Server thread/WARN]: Skipping BlockEntity with id buildcrafttransport:pipe_holder
[16:03:33] [Server thread/WARN]: Ignoring unknown attribute 'tc.mobmod'
[16:03:33] [Server thread/WARN]: Ignoring unknown attribute 'tc.mobmodtaint'
[16:03:33] [Server thread/WARN]: Ignoring unknown attribute 'forge.swimSpeed'
[16:03:33] [Server thread/WARN]: Skipping BlockEntity with id buildcrafttransport:pipe_holder
[16:03:33] [Server thread/WARN]: Skipping BlockEntity with id minecraft:cyclicmagictrash_te
[16:03:33] [Server thread/WARN]: Skipping BlockEntity with id buildcrafttransport:pipe_holder
[16:03:33] [Server thread/WARN]: Skipping BlockEntity with id buildcrafttransport:pipe_holder
[16:03:33] [Server thread/WARN]: Skipping BlockEntity with id minecraft:ironchest.diamond
[16:03:33] [Server thread/WARN]: Skipping BlockEntity with id buildcrafttransport:pipe_holder
[16:03:33] [Server thread/WARN]: Skipping BlockEntity with id buildcraftenergy:engine.stone
[16:03:33] [Server thread/WARN]: Skipping BlockEntity with id buildcrafttransport:pipe_holder
[16:03:33] [Server thread/WARN]: Skipping BlockEntity with id buildcrafttransport:pipe_holder
[16:03:33] [Server thread/WARN]: Skipping BlockEntity with id buildcrafttransport:pipe_holder
[16:03:33] [Server thread/WARN]: Skipping BlockEntity with id buildcrafttransport:pipe_holder
[16:03:33] [Server thread/WARN]: Skipping Entity with id primitivemobs:goblin
[16:03:33] [Server thread/WARN]: Skipping BlockEntity with id quark:monster_box
[16:03:33] [Server thread/WARN]: Skipping Entity with id primitivemobs:skeleton_warrior
[16:03:33] [Server thread/WARN]: Skipping BlockEntity with id vampirism:blood_container
[16:03:33] [Server thread/WARN]: Skipping BlockEntity with id charm:crate
[16:03:33] [Server thread/WARN]: Skipping BlockEntity with id minecraft:tileentityteleporterbeneath
[16:03:33] [Server thread/WARN]: Skipping BlockEntity with id minecraft:rats.rat_hole
[16:03:33] [Server thread/WARN]: Skipping BlockEntity with id minecraft:rats.rat_hole
[16:03:33] [Server thread/WARN]: Ignoring unknown attribute 'forge.swimSpeed'
[16:03:33] [Server thread/WARN]: Ignoring unknown attribute 'forge.swimSpeed'
[16:03:33] [Server thread/WARN]: Skipping BlockEntity with id minecraft:rats.rat_hole
[16:03:33] [Server thread/WARN]: Skipping BlockEntity with id ccmp:saved_multipart
[16:03:33] [Server thread/WARN]: Skipping BlockEntity with id minecraft:rats.rat_hole
[16:03:33] [Server thread/WARN]: Skipping BlockEntity with id minecraft:rats.rat_hole
[16:03:33] [Server thread/WARN]: Skipping BlockEntity with id vampirism:altar_inspiration
[16:03:33] [Server thread/WARN]: Ignoring unknown attribute 'forge.swimSpeed'
[16:03:33] [Server thread/WARN]: Ignoring unknown attribute 'forge.swimSpeed'
[16:03:33] [Server thread/WARN]: Skipping BlockEntity with id astralsorcery:tileoregenerator
[16:03:33] [Server thread/WARN]: Skipping BlockEntity with id charm:crate
[16:03:33] [Server thread/WARN]: Ignoring unknown attribute 'tc.mobmod'
[16:03:33] [Server thread/WARN]: Ignoring unknown attribute 'tc.mobmodtaint'
[16:03:33] [Server thread/WARN]: Ignoring unknown attribute 'forge.swimSpeed'
[16:03:33] [Server thread/WARN]: Ignoring unknown attribute 'tc.mobmod'
[16:03:33] [Server thread/WARN]: Ignoring unknown attribute 'tc.mobmodtaint'
[16:03:33] [Server thread/WARN]: Ignoring unknown attribute 'forge.swimSpeed'
[16:03:33] [Server thread/WARN]: Skipping Entity with id primitivemobs:chameleon
[16:03:33] [Server thread/WARN]: Skipping Entity with id primitivemobs:chameleon
[16:03:33] [Server thread/WARN]: Skipping Entity with id primitivemobs:flame_spewer
[16:03:33] [Server thread/WARN]: Skipping BlockEntity with id buildcrafttransport:pipe_holder
[16:03:33] [Server thread/WARN]: Skipping BlockEntity with id buildcrafttransport:pipe_holder
[16:03:33] [Server thread/WARN]: Skipping BlockEntity with id buildcrafttransport:pipe_holder
[16:03:33] [Server thread/WARN]: Skipping BlockEntity with id buildcraftenergy:engine.stone
[16:03:33] [Server thread/WARN]: Skipping BlockEntity with id buildcrafttransport:pipe_holder
[16:03:33] [Server thread/WARN]: Skipping BlockEntity with id buildcrafttransport:pipe_holder
[16:03:33] [Server thread/WARN]: Skipping BlockEntity with id minecraft:ironchest.diamond
[16:03:33] [Server thread/WARN]: Skipping BlockEntity with id minecraft:trapdoortileentity
[16:03:33] [Server thread/WARN]: Skipping BlockEntity with id minecraft:trapdoortileentity
[16:03:33] [Server thread/WARN]: Skipping BlockEntity with id minecraft:trapdoortileentity
[16:03:33] [Server thread/WARN]: Skipping Entity with id primitivemobs:haunted_tool
[16:03:33] [Server thread/WARN]: Skipping BlockEntity with id thermalexpansion:machine_charger
[16:03:33] [Server thread/WARN]: Skipping BlockEntity with id mekanism:universal_cable
[16:03:33] [Server thread/WARN]: Skipping BlockEntity with id mekanism:universal_cable
[16:03:33] [Server thread/WARN]: Skipping BlockEntity with id thermalexpansion:machine_insolator
[16:03:33] [Server thread/WARN]: Skipping BlockEntity with id nuclearcraft:solar_panel_basic
[16:03:33] [Server thread/WARN]: Skipping BlockEntity with id nuclearcraft:solar_panel_basic
[16:03:33] [Server thread/WARN]: Skipping BlockEntity with id mekanism:universal_cable
[16:03:33] [Server thread/WARN]: Skipping BlockEntity with id thermalexpansion:machine_pulverizer
[16:03:33] [Server thread/WARN]: Skipping BlockEntity with id appliedenergistics2:energy_cell
[16:03:33] [Server thread/WARN]: Skipping BlockEntity with id mekanism:universal_cable
[16:03:33] [Server thread/WARN]: Skipping BlockEntity with id appliedenergistics2:inscriber
[16:03:33] [Server thread/WARN]: Ignoring unknown attribute 'forge.swimSpeed'
[16:03:33] [Server thread/WARN]: Skipping Entity with id primitivemobs:skeleton_warrior
[16:03:33] [Server thread/WARN]: Skipping BlockEntity with id minecraft:tconstruct.craftingstation
[16:03:33] [Server thread/WARN]: Skipping BlockEntity with id appliedenergistics2:sky_stone_chest
[16:03:33] [Server thread/WARN]: Ignoring unknown attribute 'forge.swimSpeed'
[16:03:33] [Server thread/WARN]: Ignoring unknown attribute 'forge.swimSpeed'
[16:03:33] [Server thread/WARN]: Skipping BlockEntity with id minecraft:doortileentity
[16:03:33] [Server thread/WARN]: Skipping BlockEntity with id minecraft:doortileentity
[16:03:33] [Server thread/WARN]: Skipping BlockEntity with id astralsorcery:tileoregenerator
[16:03:33] [Server thread/WARN]: Skipping Entity with id minecolonies:citizen
[16:03:33] [Server thread/WARN]: Skipping Entity with id minecolonies:citizen
[16:03:33] [Server thread/WARN]: Skipping BlockEntity with id minecraft:doortileentity
[16:03:33] [Server thread/WARN]: Skipping BlockEntity with id minecraft:doortileentity
[16:03:33] [Server thread/WARN]: Skipping BlockEntity with id minecraft:doortileentity
[16:03:33] [Server thread/WARN]: Skipping BlockEntity with id minecolonies:colonybuilding
[16:03:33] [Server thread/WARN]: Skipping BlockEntity with id minecraft:doortileentity
[16:03:33] [Server thread/WARN]: Skipping BlockEntity with id minecolonies:rack
[16:03:33] [Server thread/WARN]: Skipping BlockEntity with id minecolonies:rack
[16:03:33] [Server thread/WARN]: Ignoring unknown attribute 'forge.swimSpeed'
[16:03:33] [Server thread/WARN]: Ignoring unknown attribute 'forge.swimSpeed'
[16:03:33] [Server thread/WARN]: Skipping BlockEntity with id charm:crate
[16:03:33] [Server thread/WARN]: Ignoring unknown attribute 'tc.mobmod'
[16:03:33] [Server thread/WARN]: Ignoring unknown attribute 'tc.mobmodtaint'
[16:03:33] [Server thread/WARN]: Ignoring unknown attribute 'forge.swimSpeed'
[16:03:33] [Server thread/WARN]: Skipping BlockEntity with id forestry:hive_wild
[16:03:33] [Server thread/WARN]: Ignoring unknown attribute 'tc.mobmod'
[16:03:33] [Server thread/WARN]: Ignoring unknown attribute 'tc.mobmodtaint'
[16:03:33] [Server thread/WARN]: Ignoring unknown attribute 'forge.swimSpeed'
[16:03:33] [Server thread/WARN]: Skipping BlockEntity with id charm:crate
[16:03:33] [Server thread/WARN]: Ignoring unknown attribute 'tc.mobmod'
[16:03:33] [Server thread/WARN]: Ignoring unknown attribute 'tc.mobmodtaint'
[16:03:33] [Server thread/WARN]: Ignoring unknown attribute 'forge.swimSpeed'
[16:03:33] [Server thread/WARN]: Ignoring unknown attribute 'tc.mobmod'
[16:03:33] [Server thread/WARN]: Ignoring unknown attribute 'tc.mobmodtaint'
[16:03:33] [Server thread/WARN]: Ignoring unknown attribute 'forge.swimSpeed'
[16:03:33] [Server thread/WARN]: Ignoring unknown attribute 'tc.mobmod'
[16:03:33] [Server thread/WARN]: Ignoring unknown attribute 'tc.mobmodtaint'
[16:03:33] [Server thread/WARN]: Ignoring unknown attribute 'forge.swimSpeed'
[16:03:33] [Server thread/WARN]: Skipping Entity with id primitivemobs:chameleon
[16:03:33] [Server thread/WARN]: Skipping BlockEntity with id forestry:hive_wild
[16:03:33] [Server thread/WARN]: Skipping Entity with id primitivemobs:flame_spewer
[16:03:33] [Server thread/WARN]: Skipping Entity with id primitivemobs:flame_spewer
[16:03:33] [Server thread/WARN]: Skipping Entity with id primitivemobs:skeleton_warrior
[16:03:33] [Server thread/WARN]: Skipping Entity with id primitivemobs:skeleton_warrior
[16:03:33] [Server thread/WARN]: Skipping Entity with id primitivemobs:rocket_creeper
[16:03:33] [Server thread/WARN]: Skipping BlockEntity with id minecraft:rats.rat_hole
[16:03:33] [Server thread/WARN]: Skipping BlockEntity with id minecraft:ma_superium_furnace
[16:03:33] [Server thread/WARN]: Skipping BlockEntity with id ccmp:saved_multipart
[16:03:33] [Server thread/WARN]: Skipping BlockEntity with id actuallyadditions:giantchest
[16:03:33] [Server thread/WARN]: Ignoring unknown attribute 'forge.swimSpeed'
[16:03:33] [Server thread/WARN]: Skipping BlockEntity with id minecraft:doortileentity
[16:03:33] [Server thread/WARN]: Skipping BlockEntity with id xu2:tilemachineprovider
[16:03:33] [Server thread/WARN]: Ignoring unknown attribute 'forge.swimSpeed'
[16:03:33] [Server thread/WARN]: Skipping BlockEntity with id mekanism:universal_cable
[16:03:33] [Server thread/WARN]: Skipping BlockEntity with id thermalexpansion:storage_cell
[16:03:33] [Server thread/WARN]: Skipping BlockEntity with id nuclearcraft:solar_panel_basic
[16:03:33] [Server thread/WARN]: Skipping BlockEntity with id nuclearcraft:solar_panel_basic
[16:03:33] [Server thread/WARN]: Skipping BlockEntity with id mekanism:universal_cable
[16:03:33] [Server thread/WARN]: Skipping BlockEntity with id nuclearcraft:solar_panel_basic
[16:03:33] [Server thread/WARN]: Skipping BlockEntity with id appliedenergistics2:controller
[16:03:33] [Server thread/WARN]: Skipping BlockEntity with id appliedenergistics2:drive
[16:03:33] [Server thread/WARN]: Skipping BlockEntity with id minecraft:doortileentity
[16:03:33] [Server thread/WARN]: Skipping BlockEntity with id actuallyadditions:giantchest
[16:03:33] [Server thread/WARN]: Skipping BlockEntity with id yabba:item_barrel
[16:03:33] [Server thread/WARN]: Skipping BlockEntity with id ccmp:saved_multipart
[16:03:33] [Server thread/WARN]: Skipping BlockEntity with id yabba:item_barrel
[16:03:33] [Server thread/WARN]: Skipping BlockEntity with id mekanism:universal_cable
[16:03:33] [Server thread/WARN]: Skipping BlockEntity with id appliedenergistics2:blockcablebus
[16:03:33] [Server thread/WARN]: Skipping BlockEntity with id openblocks:tank
[16:03:33] [Server thread/WARN]: Skipping BlockEntity with id actuallyadditions:giantchest
[16:03:33] [Server thread/WARN]: Skipping BlockEntity with id mekanism:universal_cable
[16:03:33] [Server thread/WARN]: Skipping BlockEntity with id nuclearcraft:solar_panel_basic
[16:03:33] [Server thread/WARN]: Skipping BlockEntity with id nuclearcraft:solar_panel_basic
[16:03:33] [Server thread/WARN]: Skipping BlockEntity with id mekanism:universal_cable
[16:03:33] [Server thread/WARN]: Skipping BlockEntity with id mekanism:universal_cable
[16:03:33] [Server thread/WARN]: Skipping BlockEntity with id openblocks:tank
[16:03:33] [Server thread/WARN]: Skipping BlockEntity with id actuallyadditions:coalgenerator
[16:03:33] [Server thread/WARN]: Skipping BlockEntity with id minecraft:tconstruct.craftingstation
[16:03:33] [Server thread/WARN]: Skipping BlockEntity with id roots:tile_entity_mortar
[16:03:33] [Server thread/WARN]: Skipping BlockEntity with id ccmp:saved_multipart
[16:03:33] [Server thread/WARN]: Skipping BlockEntity with id minecraft:doortileentity
[16:03:33] [Server thread/WARN]: Skipping BlockEntity with id quark:quark_chest
[16:03:33] [Server thread/WARN]: Skipping BlockEntity with id quark:quark_chest
[16:03:33] [Server thread/WARN]: Skipping BlockEntity with id treasure2:gravestone_proximity_spawner_tile_entity
[16:03:33] [Server thread/WARN]: Skipping BlockEntity with id openblocks:xp_drain
[16:03:33] [Server thread/WARN]: Skipping BlockEntity with id mekanism:universal_cable
[16:03:33] [Server thread/WARN]: Skipping BlockEntity with id openblocks:xp_shower
[16:03:33] [Server thread/WARN]: Skipping BlockEntity with id quark:quark_chest
[16:03:33] [Server thread/WARN]: Skipping BlockEntity with id quark:quark_chest
[16:03:33] [Server thread/WARN]: Skipping BlockEntity with id minecraft:tconstruct.partchest
[16:03:33] [Server thread/WARN]: Skipping BlockEntity with id minecraft:tconstruct.craftingstation
[16:03:33] [Server thread/WARN]: Skipping BlockEntity with id minecraft:tconstruct.tank
[16:03:33] [Server thread/WARN]: Skipping BlockEntity with id minecraft:tconstruct.patternchest
[16:03:33] [Server thread/WARN]: Skipping BlockEntity with id minecraft:tconstruct.patternchest
[16:03:33] [Server thread/WARN]: Skipping BlockEntity with id minecraft:tconstruct.smeltery_component
[16:03:33] [Server thread/WARN]: Skipping BlockEntity with id minecraft:tconstruct.casting_basin
[16:03:33] [Server thread/WARN]: Skipping BlockEntity with id minecraft:tconstruct.smeltery_component
[16:03:33] [Server thread/WARN]: Skipping BlockEntity with id minecraft:tconstruct.tank
[16:03:33] [Server thread/WARN]: Skipping BlockEntity with id minecraft:tconstruct.smeltery_component
[16:03:33] [Server thread/WARN]: Skipping BlockEntity with id minecraft:tconstruct.smeltery_component
[16:03:33] [Server thread/WARN]: Skipping BlockEntity with id minecraft:tconstruct.casting_basin
[16:03:33] [Server thread/WARN]: Skipping BlockEntity with id minecraft:tconstruct.faucet
[16:03:33] [Server thread/WARN]: Skipping BlockEntity with id minecraft:tconstruct.smeltery_component
[16:03:33] [Server thread/WARN]: Skipping BlockEntity with id minecraft:tconstruct.smeltery_component
[16:03:33] [Server thread/WARN]: Skipping BlockEntity with id quark:monster_box
[16:03:33] [Server thread/WARN]: Skipping BlockEntity with id minecraft:tconstruct.smeltery_component
[16:03:33] [Server thread/WARN]: Skipping BlockEntity with id minecraft:tconstruct.smeltery_drain
[16:03:33] [Server thread/WARN]: Skipping BlockEntity with id minecraft:tconstruct.faucet
[16:03:33] [Server thread/WARN]: Skipping BlockEntity with id minecraft:tconstruct.smeltery_drain
[16:03:33] [Server thread/WARN]: Skipping BlockEntity with id minecraft:tconstruct.smeltery_component
[16:03:33] [Server thread/WARN]: Skipping BlockEntity with id minecraft:tconstruct.smeltery_component
[16:03:33] [Server thread/WARN]: Skipping BlockEntity with id minecraft:tconstruct.smeltery_component
[16:03:33] [Server thread/WARN]: Skipping BlockEntity with id minecraft:tconstruct.smeltery_component
[16:03:33] [Server thread/WARN]: Skipping BlockEntity with id minecraft:tconstruct.toolforge
[16:03:33] [Server thread/WARN]: Skipping BlockEntity with id minecraft:tconstruct.partbuilder
[16:03:33] [Server thread/WARN]: Skipping BlockEntity with id minecraft:tconstruct.smeltery_component
[16:03:33] [Server thread/WARN]: Skipping BlockEntity with id minecraft:tconstruct.stenciltable
[16:03:33] [Server thread/WARN]: Skipping BlockEntity with id minecraft:tconstruct.tank
[16:03:33] [Server thread/WARN]: Skipping BlockEntity with id minecraft:tconstruct.smeltery_component
[16:03:33] [Server thread/WARN]: Skipping BlockEntity with id minecraft:tconstruct.smeltery_controller
[16:03:33] [Server thread/WARN]: Skipping BlockEntity with id minecraft:tconstruct.tank
[16:03:33] [Server thread/WARN]: Skipping BlockEntity with id minecraft:tconstruct.smeltery_component
[16:03:33] [Server thread/WARN]: Skipping BlockEntity with id minecraft:tconstruct.casting_basin
[16:03:33] [Server thread/WARN]: Skipping BlockEntity with id minecraft:tconstruct.faucet
[16:03:33] [Server thread/WARN]: Skipping BlockEntity with id minecraft:tconstruct.smeltery_component
[16:03:33] [Server thread/WARN]: Skipping BlockEntity with id minecraft:tconstruct.smeltery_component
[16:03:33] [Server thread/WARN]: Skipping BlockEntity with id minecraft:tconstruct.tank
[16:03:33] [Server thread/WARN]: Skipping BlockEntity with id minecraft:tconstruct.smeltery_component
[16:03:33] [Server thread/WARN]: Skipping BlockEntity with id minecraft:tconstruct.smeltery_component
[16:03:33] [Server thread/WARN]: Skipping BlockEntity with id minecraft:tconstruct.tank
[16:03:33] [Server thread/WARN]: Skipping BlockEntity with id minecraft:tconstruct.smeltery_component
[16:03:33] [Server thread/WARN]: Skipping BlockEntity with id minecraft:tconstruct.smeltery_component
[16:03:33] [Server thread/WARN]: Skipping BlockEntity with id minecraft:tconstruct.smeltery_component
[16:03:33] [Server thread/WARN]: Skipping BlockEntity with id minecraft:tconstruct.smeltery_component
[16:03:33] [Server thread/WARN]: Skipping BlockEntity with id minecraft:tconstruct.smeltery_component
[16:03:33] [Server thread/WARN]: Skipping BlockEntity with id minecraft:tconstruct.smeltery_component
[16:03:33] [Server thread/WARN]: Skipping Entity with id mekanism:babyskeleton
[16:03:33] [Server thread/WARN]: Skipping BlockEntity with id minecraft:tconstruct.smeltery_component
[16:03:33] [Server thread/WARN]: Skipping BlockEntity with id minecraft:tconstruct.smeltery_component
[16:03:33] [Server thread/WARN]: Skipping BlockEntity with id minecraft:tconstruct.faucet
[16:03:33] [Server thread/WARN]: Skipping BlockEntity with id minecraft:tconstruct.smeltery_component
[16:03:33] [Server thread/WARN]: Skipping BlockEntity with id minecraft:tconstruct.smeltery_component
[16:03:33] [Server thread/WARN]: Skipping BlockEntity with id minecraft:tconstruct.smeltery_component
[16:03:33] [Server thread/WARN]: Skipping BlockEntity with id minecraft:tconstruct.smeltery_component
[16:03:33] [Server thread/WARN]: Skipping BlockEntity with id minecraft:tconstruct.smeltery_component
[16:03:33] [Server thread/WARN]: Skipping BlockEntity with id minecraft:tconstruct.smeltery_component
[16:03:33] [Server thread/WARN]: Skipping BlockEntity with id minecraft:tconstruct.smeltery_component
[16:03:33] [Server thread/WARN]: Skipping BlockEntity with id minecraft:tconstruct.smeltery_component
[16:03:33] [Server thread/WARN]: Skipping BlockEntity with id minecraft:tconstruct.smeltery_component
[16:03:33] [Server thread/WARN]: Skipping BlockEntity with id minecraft:tconstruct.smeltery_component
[16:03:33] [Server thread/WARN]: Skipping BlockEntity with id minecraft:tconstruct.casting_basin
[16:03:33] [Server thread/WARN]: Ignoring unknown attribute 'tc.mobmod'
[16:03:33] [Server thread/WARN]: Ignoring unknown attribute 'tc.mobmodtaint'
[16:03:33] [Server thread/WARN]: Ignoring unknown attribute 'forge.swimSpeed'
[16:03:33] [Server thread/WARN]: Ignoring unknown attribute 'tc.mobmod'
[16:03:33] [Server thread/WARN]: Ignoring unknown attribute 'tc.mobmodtaint'
[16:03:33] [Server thread/WARN]: Ignoring unknown attribute 'forge.swimSpeed'
[16:03:33] [Server thread/WARN]: Ignoring unknown attribute 'tc.mobmod'
[16:03:33] [Server thread/WARN]: Ignoring unknown attribute 'tc.mobmodtaint'
[16:03:33] [Server thread/WARN]: Ignoring unknown attribute 'forge.swimSpeed'
[16:03:33] [Server thread/WARN]: Skipping Entity with id primitivemobs:baby_spider
[16:03:33] [Server thread/WARN]: Skipping Entity with id primitivemobs:baby_spider
[16:03:33] [Server thread/WARN]: Skipping Entity with id primitivemobs:baby_spider
[16:03:33] [Server thread/WARN]: Skipping Entity with id primitivemobs:baby_spider
[16:03:33] [Server thread/WARN]: Skipping Entity with id primitivemobs:mother_spider
[16:03:33] [Server thread/WARN]: Skipping Entity with id primitivemobs:skeleton_warrior
[16:03:33] [Server thread/WARN]: Skipping Entity with id primitivemobs:bewitched_tome
[16:03:33] [Server thread/WARN]: Skipping Entity with id primitivemobs:support_creeper
[16:03:33] [Server thread/WARN]: Skipping Entity with id vampirism:vampire
[16:03:33] [Server thread/WARN]: Skipping Entity with id vampirism:vampire
[16:03:33] [Server thread/WARN]: Ignoring unknown attribute 'forge.swimSpeed'
[16:03:33] [Server thread/WARN]: Ignoring unknown attribute 'forge.swimSpeed'
[16:03:33] [Server thread/WARN]: Ignoring unknown attribute 'forge.swimSpeed'
[16:03:33] [Server thread/WARN]: Ignoring unknown attribute 'forge.swimSpeed'
[16:03:33] [Server thread/WARN]: Skipping BlockEntity with id randomthings:specialchest
[16:03:33] [Server thread/WARN]: Ignoring unknown attribute 'tc.mobmod'
[16:03:33] [Server thread/WARN]: Ignoring unknown attribute 'tc.mobmodtaint'
[16:03:33] [Server thread/WARN]: Ignoring unknown attribute 'forge.swimSpeed'
[16:03:33] [Server thread/WARN]: Skipping BlockEntity with id charm:crate
[16:03:33] [Server thread/WARN]: Skipping BlockEntity with id charm:crate
[16:03:33] [Server thread/WARN]: Skipping BlockEntity with id charm:crate
[16:03:33] [Server thread/WARN]: Skipping BlockEntity with id charm:crate
[16:03:33] [Server thread/WARN]: Skipping Entity with id primitivemobs:haunted_tool
[16:03:33] [Server thread/WARN]: Skipping Entity with id mekanism:babyskeleton
[16:03:33] [Server thread/WARN]: Ignoring unknown attribute 'tc.mobmod'
[16:03:33] [Server thread/WARN]: Ignoring unknown attribute 'tc.mobmodtaint'
[16:03:33] [Server thread/WARN]: Ignoring unknown attribute 'forge.swimSpeed'
[16:03:33] [Server thread/WARN]: Skipping BlockEntity with id minecraft:doortileentity
[16:03:33] [Server thread/WARN]: Skipping BlockEntity with id minecraft:doortileentity
[16:03:33] [Server thread/WARN]: Skipping BlockEntity with id minecolonies:rack
[16:03:33] [Server thread/WARN]: Skipping BlockEntity with id minecolonies:rack
[16:03:33] [Server thread/WARN]: Skipping BlockEntity with id minecolonies:rack
[16:03:33] [Server thread/WARN]: Skipping BlockEntity with id minecolonies:rack
[16:03:33] [Server thread/WARN]: Skipping BlockEntity with id minecolonies:rack
[16:03:33] [Server thread/WARN]: Skipping BlockEntity with id minecolonies:rack
[16:03:33] [Server thread/WARN]: Skipping BlockEntity with id minecolonies:warehouse
[16:03:33] [Server thread/WARN]: Skipping BlockEntity with id minecolonies:rack
[16:03:33] [Server thread/WARN]: Skipping BlockEntity with id minecolonies:rack
[16:03:33] [Server thread/WARN]: Skipping BlockEntity with id minecolonies:rack
[16:03:33] [Server thread/WARN]: Skipping BlockEntity with id minecolonies:rack
[16:03:33] [Server thread/WARN]: Skipping BlockEntity with id minecolonies:rack
[16:03:33] [Server thread/WARN]: Skipping BlockEntity with id minecolonies:rack
[16:03:33] [Server thread/WARN]: Skipping BlockEntity with id minecolonies:rack
[16:03:33] [Server thread/WARN]: Skipping BlockEntity with id minecolonies:rack
[16:03:33] [Server thread/WARN]: Skipping BlockEntity with id minecolonies:rack
[16:03:33] [Server thread/WARN]: Skipping BlockEntity with id minecolonies:rack
[16:03:33] [Server thread/WARN]: Skipping BlockEntity with id minecolonies:rack
[16:03:33] [Server thread/WARN]: Skipping BlockEntity with id minecolonies:rack
[16:03:33] [Server thread/WARN]: Skipping BlockEntity with id minecolonies:rack
[16:03:33] [Server thread/WARN]: Skipping BlockEntity with id minecraft:doortileentity
[16:03:33] [Server thread/WARN]: Skipping BlockEntity with id minecolonies:rack
[16:03:33] [Server thread/WARN]: Skipping BlockEntity with id minecolonies:rack
[16:03:33] [Server thread/WARN]: Skipping BlockEntity with id minecolonies:rack
[16:03:33] [Server thread/WARN]: Skipping BlockEntity with id minecraft:doortileentity
[16:03:33] [Server thread/WARN]: Skipping BlockEntity with id minecolonies:rack
[16:03:33] [Server thread/WARN]: Skipping BlockEntity with id minecolonies:rack
[16:03:33] [Server thread/WARN]: Ignoring unknown attribute 'tc.mobmod'
[16:03:33] [Server thread/WARN]: Ignoring unknown attribute 'tc.mobmodtaint'
[16:03:33] [Server thread/WARN]: Ignoring unknown attribute 'forge.swimSpeed'
[16:03:33] [Server thread/WARN]: Skipping Entity with id minecolonies:citizen
[16:03:33] [Server thread/WARN]: Skipping Entity with id minecolonies:citizen
[16:03:33] [Server thread/WARN]: Ignoring unknown attribute 'forge.swimSpeed'
[16:03:33] [Server thread/WARN]: Skipping BlockEntity with id quark:quark_chest
[16:03:33] [Server thread/WARN]: Skipping BlockEntity with id minecraft:doortileentity
[16:03:33] [Server thread/WARN]: Skipping BlockEntity with id minecolonies:colonybuilding
[16:03:33] [Server thread/WARN]: Skipping BlockEntity with id minecraft:doortileentity
[16:03:33] [Server thread/WARN]: Skipping Entity with id primitivemobs:skeleton_warrior
[16:03:33] [Server thread/WARN]: Ignoring unknown attribute 'tc.mobmod'
[16:03:33] [Server thread/WARN]: Ignoring unknown attribute 'tc.mobmodtaint'
[16:03:33] [Server thread/WARN]: Ignoring unknown attribute 'forge.swimSpeed'
[16:03:33] [Server thread/WARN]: Skipping Entity with id minecolonies:citizen
[16:03:33] [Server thread/WARN]: Skipping BlockEntity with id minecraft:tconstruct.smeltery_component
[16:03:33] [Server thread/WARN]: Skipping BlockEntity with id minecraft:tconstruct.faucet
[16:03:33] [Server thread/WARN]: Skipping BlockEntity with id minecraft:tconstruct.smeltery_component
[16:03:33] [Server thread/WARN]: Skipping BlockEntity with id minecraft:tconstruct.smeltery_component
[16:03:33] [Server thread/WARN]: Skipping BlockEntity with id minecraft:tconstruct.smeltery_component
[16:03:33] [Server thread/WARN]: Skipping BlockEntity with id minecraft:tconstruct.smeltery_component
[16:03:33] [Server thread/WARN]: Skipping BlockEntity with id minecraft:tconstruct.smeltery_component
[16:03:33] [Server thread/WARN]: Skipping BlockEntity with id minecolonies:rack
[16:03:33] [Server thread/WARN]: Skipping BlockEntity with id minecraft:tconstruct.smeltery_component
[16:03:33] [Server thread/WARN]: Skipping BlockEntity with id minecraft:tconstruct.smeltery_component
[16:03:33] [Server thread/WARN]: Skipping BlockEntity with id minecraft:tconstruct.smeltery_component
[16:03:33] [Server thread/WARN]: Skipping BlockEntity with id minecolonies:rack
[16:03:33] [Server thread/WARN]: Skipping BlockEntity with id minecraft:tconstruct.smeltery_component
[16:03:33] [Server thread/WARN]: Skipping BlockEntity with id minecraft:tconstruct.smeltery_drain
[16:03:33] [Server thread/WARN]: Skipping BlockEntity with id minecraft:tconstruct.smeltery_component
[16:03:33] [Server thread/WARN]: Skipping BlockEntity with id minecraft:tconstruct.casting_table
[16:03:33] [Server thread/WARN]: Skipping BlockEntity with id minecolonies:colonybuilding
[16:03:33] [Server thread/WARN]: Skipping BlockEntity with id minecolonies:rack
[16:03:33] [Server thread/WARN]: Skipping BlockEntity with id minecolonies:rack
[16:03:33] [Server thread/INFO]: Preparing spawn area: 70%
[16:03:33] [Server thread/WARN]: Skipping BlockEntity with id minecolonies:colonybuilding
[16:03:33] [Server thread/WARN]: Skipping BlockEntity with id minecolonies:rack
[16:03:33] [Server thread/WARN]: Skipping BlockEntity with id minecolonies:rack
[16:03:33] [Server thread/WARN]: Skipping BlockEntity with id minecolonies:rack
[16:03:33] [Server thread/WARN]: Skipping BlockEntity with id minecolonies:rack
[16:03:33] [Server thread/WARN]: Skipping Entity with id primitivemobs:goblin
[16:03:33] [Server thread/WARN]: Skipping Entity with id instrumentalmobs:maraca_spider
[16:03:33] [Server thread/WARN]: Skipping BlockEntity with id astralsorcery:tileoregenerator
[16:03:33] [Server thread/WARN]: Skipping BlockEntity with id forestry:hive_wild
[16:03:33] [Server thread/WARN]: Skipping BlockEntity with id treasure2:wood_chest_tile_entity
[16:03:33] [Server thread/WARN]: Skipping BlockEntity with id treasure2:gravestone_proximity_spawner_tile_entity
[16:03:33] [Server thread/WARN]: Skipping BlockEntity with id treasure2:gravestone_proximity_spawner_tile_entity
[16:03:33] [Server thread/WARN]: Skipping BlockEntity with id treasure2:gravestone_proximity_spawner_tile_entity
[16:03:33] [Server thread/WARN]: Skipping Entity with id mysticalworld:entity_owl
[16:03:33] [Server thread/WARN]: Skipping Entity with id mysticalworld:entity_owl
[16:03:33] [Server thread/WARN]: Skipping BlockEntity with id randomthings:naturecore
[16:03:33] [Server thread/WARN]: Skipping Entity with id mysticalworld:entity_beetle
[16:03:33] [Server thread/WARN]: Skipping BlockEntity with id charm:crate
[16:03:33] [Server thread/WARN]: Skipping Entity with id primitivemobs:void_eye
[16:03:33] [Server thread/ERROR]: Couldn't load chunk
java.lang.NullPointerException: null
	at oo.b(SourceFile:526) ~[minecraft_server.1.12.2.jar:?]
	at aye.a(SourceFile:360) ~[minecraft_server.1.12.2.jar:?]
	at aye.a(SourceFile:97) ~[minecraft_server.1.12.2.jar:?]
	at aye.a(SourceFile:72) ~[minecraft_server.1.12.2.jar:?]
	at on.f(SourceFile:124) [minecraft_server.1.12.2.jar:?]
	at on.b(SourceFile:81) [minecraft_server.1.12.2.jar:?]
	at on.c(SourceFile:95) [minecraft_server.1.12.2.jar:?]
	at net.minecraft.server.MinecraftServer.l(SourceFile:328) [minecraft_server.1.12.2.jar:?]
	at net.minecraft.server.MinecraftServer.a(SourceFile:299) [minecraft_server.1.12.2.jar:?]
	at nz.j(SourceFile:233) [minecraft_server.1.12.2.jar:?]
	at net.minecraft.server.MinecraftServer.run(SourceFile:434) [minecraft_server.1.12.2.jar:?]
	at java.lang.Thread.run(Unknown Source) [?:?]
[16:03:33] [Server thread/WARN]: Skipping Entity with id primitivemobs:bewitched_tome
[16:03:33] [Server thread/WARN]: Skipping Entity with id ebwizardry:evil_wizard
[16:03:33] [Server thread/WARN]: Skipping Entity with id primitivemobs:haunted_tool
[16:03:33] [Server thread/WARN]: Skipping Entity with id minecolonies:citizen
[16:03:33] [Server thread/WARN]: Skipping BlockEntity with id minecolonies:scarecrow
[16:03:33] [Server thread/WARN]: Skipping Entity with id primitivemobs:skeleton_warrior
[16:03:33] [Server thread/WARN]: Skipping Entity with id instrumentalmobs:french_horn_creeper
[16:03:33] [Server thread/WARN]: Skipping Entity with id primitivemobs:support_creeper
[16:03:33] [Server thread/WARN]: Skipping BlockEntity with id minecolonies:colonybuilding
[16:03:33] [Server thread/WARN]: Skipping BlockEntity with id minecolonies:rack
[16:03:33] [Server thread/WARN]: Skipping BlockEntity with id minecraft:doortileentity
[16:03:33] [Server thread/WARN]: Skipping BlockEntity with id minecolonies:rack
[16:03:33] [Server thread/WARN]: Skipping Entity with id primitivemobs:flame_spewer
[16:03:33] [Server thread/WARN]: Ignoring unknown attribute 'forge.swimSpeed'
[16:03:33] [Server thread/WARN]: Skipping Entity with id minecolonies:citizen
[16:03:33] [Server thread/WARN]: Skipping Entity with id minecolonies:citizen
[16:03:33] [Server thread/WARN]: Skipping BlockEntity with id minecraft:doortileentity
[16:03:33] [Server thread/WARN]: Skipping BlockEntity with id minecraft:doortileentity
[16:03:33] [Server thread/WARN]: Skipping BlockEntity with id minecolonies:colonybuilding
[16:03:33] [Server thread/WARN]: Skipping BlockEntity with id minecraft:trapdoortileentity
[16:03:33] [Server thread/WARN]: Skipping BlockEntity with id minecraft:trapdoortileentity
[16:03:33] [Server thread/WARN]: Skipping BlockEntity with id minecraft:trapdoortileentity
[16:03:33] [Server thread/WARN]: Skipping BlockEntity with id minecolonies:rack
[16:03:33] [Server thread/WARN]: Skipping BlockEntity with id minecolonies:rack
[16:03:33] [Server thread/WARN]: Skipping BlockEntity with id minecolonies:colonybuilding
[16:03:33] [Server thread/WARN]: Skipping BlockEntity with id minecraft:doortileentity
[16:03:33] [Server thread/WARN]: Skipping BlockEntity with id minecraft:doortileentity
[16:03:33] [Server thread/WARN]: Skipping BlockEntity with id minecolonies:rack
[16:03:33] [Server thread/WARN]: Skipping BlockEntity with id minecolonies:rack
[16:03:33] [Server thread/WARN]: Skipping BlockEntity with id minecolonies:rack
[16:03:33] [Server thread/WARN]: Skipping BlockEntity with id minecolonies:rack
[16:03:33] [Server thread/WARN]: Skipping BlockEntity with id minecolonies:colonybuilding
[16:03:34] [Server thread/WARN]: Skipping BlockEntity with id minecolonies:rack
[16:03:34] [Server thread/WARN]: Skipping BlockEntity with id minecolonies:rack
[16:03:34] [Server thread/WARN]: Ignoring unknown attribute 'forge.swimSpeed'
[16:03:34] [Server thread/WARN]: Skipping Entity with id primitivemobs:chameleon
[16:03:34] [Server thread/WARN]: Skipping Entity with id primitivemobs:chameleon
[16:03:34] [Server thread/WARN]: Ignoring unknown attribute 'tc.mobmod'
[16:03:34] [Server thread/WARN]: Ignoring unknown attribute 'tc.mobmodtaint'
[16:03:34] [Server thread/WARN]: Ignoring unknown attribute 'forge.swimSpeed'
[16:03:34] [Server thread/WARN]: Ignoring unknown attribute 'tc.mobmod'
[16:03:34] [Server thread/WARN]: Ignoring unknown attribute 'tc.mobmodtaint'
[16:03:34] [Server thread/WARN]: Ignoring unknown attribute 'forge.swimSpeed'
[16:03:34] [Server thread/WARN]: Ignoring unknown attribute 'tc.mobmod'
[16:03:34] [Server thread/WARN]: Ignoring unknown attribute 'tc.mobmodtaint'
[16:03:34] [Server thread/WARN]: Ignoring unknown attribute 'forge.swimSpeed'
[16:03:34] [Server thread/WARN]: Ignoring unknown attribute 'tc.mobmod'
[16:03:34] [Server thread/WARN]: Ignoring unknown attribute 'tc.mobmodtaint'
[16:03:34] [Server thread/WARN]: Ignoring unknown attribute 'forge.swimSpeed'
[16:03:34] [Server thread/WARN]: Skipping BlockEntity with id forestry:hive_wild
[16:03:34] [Server thread/WARN]: Skipping BlockEntity with id treasure2:gravestone_proximity_spawner_tile_entity
[16:03:34] [Server thread/WARN]: Skipping BlockEntity with id treasure2:gravestone_proximity_spawner_tile_entity
[16:03:34] [Server thread/WARN]: Skipping BlockEntity with id treasure2:gold_strongbox_tile_entity
[16:03:34] [Server thread/WARN]: Skipping BlockEntity with id treasure2:gravestone_proximity_spawner_tile_entity
[16:03:34] [Server thread/WARN]: Skipping BlockEntity with id treasure2:gravestone_proximity_spawner_tile_entity
[16:03:34] [Server thread/WARN]: Skipping BlockEntity with id quark:monster_box
[16:03:34] [Server thread/WARN]: Skipping Entity with id quark:archaeologist
[16:03:34] [Server thread/WARN]: Skipping BlockEntity with id minecraft:doortileentity
[16:03:34] [Server thread/WARN]: Skipping BlockEntity with id charm:crate
[16:03:34] [Server thread/WARN]: Skipping Entity with id primitivemobs:skeleton_warrior
[16:03:34] [Server thread/WARN]: Skipping Entity with id primitivemobs:haunted_tool
[16:03:34] [Server thread/WARN]: Skipping BlockEntity with id minecolonies:rack
[16:03:34] [Server thread/WARN]: Skipping BlockEntity with id minecolonies:rack
[16:03:34] [Server thread/WARN]: Skipping BlockEntity with id charm:crate
[16:03:34] [Server thread/WARN]: Skipping BlockEntity with id minecolonies:colonybuilding
[16:03:34] [Server thread/ERROR]: Couldn't load chunk
java.lang.NullPointerException: null
	at oo.b(SourceFile:526) ~[minecraft_server.1.12.2.jar:?]
	at aye.a(SourceFile:360) ~[minecraft_server.1.12.2.jar:?]
	at aye.a(SourceFile:97) ~[minecraft_server.1.12.2.jar:?]
	at aye.a(SourceFile:72) ~[minecraft_server.1.12.2.jar:?]
	at on.f(SourceFile:124) [minecraft_server.1.12.2.jar:?]
	at on.b(SourceFile:81) [minecraft_server.1.12.2.jar:?]
	at on.c(SourceFile:95) [minecraft_server.1.12.2.jar:?]
	at net.minecraft.server.MinecraftServer.l(SourceFile:328) [minecraft_server.1.12.2.jar:?]
	at net.minecraft.server.MinecraftServer.a(SourceFile:299) [minecraft_server.1.12.2.jar:?]
	at nz.j(SourceFile:233) [minecraft_server.1.12.2.jar:?]
	at net.minecraft.server.MinecraftServer.run(SourceFile:434) [minecraft_server.1.12.2.jar:?]
	at java.lang.Thread.run(Unknown Source) [?:?]
[16:03:34] [Server thread/WARN]: Skipping Entity with id primitivemobs:support_creeper
[16:03:34] [Server thread/WARN]: Ignoring unknown attribute 'tc.mobmod'
[16:03:34] [Server thread/WARN]: Ignoring unknown attribute 'tc.mobmodtaint'
[16:03:34] [Server thread/WARN]: Ignoring unknown attribute 'forge.swimSpeed'
[16:03:34] [Server thread/WARN]: Skipping BlockEntity with id charm:crate
[16:03:34] [Server thread/WARN]: Skipping Entity with id primitivemobs:skeleton_warrior
[16:03:34] [Server thread/WARN]: Ignoring unknown attribute 'forge.swimSpeed'
[16:03:34] [Server thread/WARN]: Skipping Entity with id minecolonies:citizen
[16:03:34] [Server thread/WARN]: Skipping Entity with id minecolonies:citizen
[16:03:34] [Server thread/WARN]: Skipping BlockEntity with id minecraft:trapdoortileentity
[16:03:34] [Server thread/WARN]: Skipping BlockEntity with id minecolonies:colonybuilding
[16:03:34] [Server thread/WARN]: Skipping BlockEntity with id minecraft:doortileentity
[16:03:34] [Server thread/WARN]: Skipping BlockEntity with id minecraft:doortileentity
[16:03:34] [Server thread/WARN]: Skipping BlockEntity with id minecraft:doortileentity
[16:03:34] [Server thread/WARN]: Skipping BlockEntity with id minecraft:doortileentity
[16:03:34] [Server thread/WARN]: Skipping BlockEntity with id minecolonies:colonybuilding
[16:03:34] [Server thread/WARN]: Skipping Entity with id primitivemobs:support_creeper
[16:03:34] [Server thread/WARN]: Skipping Entity with id primitivemobs:skeleton_warrior
[16:03:34] [Server thread/WARN]: Skipping Entity with id mekanism:babyskeleton
[16:03:34] [Server thread/WARN]: Ignoring unknown attribute 'tc.mobmod'
[16:03:34] [Server thread/WARN]: Ignoring unknown attribute 'tc.mobmodtaint'
[16:03:34] [Server thread/WARN]: Ignoring unknown attribute 'forge.swimSpeed'
[16:03:34] [Server thread/WARN]: Ignoring unknown attribute 'tc.mobmod'
[16:03:34] [Server thread/WARN]: Ignoring unknown attribute 'tc.mobmodtaint'
[16:03:34] [Server thread/WARN]: Ignoring unknown attribute 'forge.swimSpeed'
[16:03:34] [Server thread/WARN]: Ignoring unknown attribute 'tc.mobmod'
[16:03:34] [Server thread/WARN]: Ignoring unknown attribute 'tc.mobmodtaint'
[16:03:34] [Server thread/WARN]: Ignoring unknown attribute 'forge.swimSpeed'
[16:03:34] [Server thread/WARN]: Ignoring unknown attribute 'tc.mobmod'
[16:03:34] [Server thread/WARN]: Ignoring unknown attribute 'tc.mobmodtaint'
[16:03:34] [Server thread/WARN]: Ignoring unknown attribute 'forge.swimSpeed'
[16:03:34] [Server thread/WARN]: Skipping BlockEntity with id forestry:hive_wild
[16:03:34] [Server thread/WARN]: Skipping Entity with id mysticalworld:entity_beetle
[16:03:34] [Server thread/WARN]: Skipping BlockEntity with id charm:crate
[16:03:34] [Server thread/WARN]: Skipping BlockEntity with id charm:crate
[16:03:34] [Server thread/WARN]: Skipping BlockEntity with id minecraft:rats.rat_hole
[16:03:34] [Server thread/WARN]: Skipping Entity with id primitivemobs:skeleton_warrior
[16:03:34] [Server thread/WARN]: Skipping Entity with id primitivemobs:haunted_tool
[16:03:34] [Server thread/WARN]: Skipping BlockEntity with id charm:crate
[16:03:34] [Server thread/WARN]: Skipping Entity with id primitivemobs:support_creeper
[16:03:34] [Server thread/WARN]: Skipping BlockEntity with id astralsorcery:tileoregenerator
[16:03:34] [Server thread/WARN]: Skipping BlockEntity with id minecraft:trapdoortileentity
[16:03:34] [Server thread/WARN]: Skipping BlockEntity with id minecraft:trapdoortileentity
[16:03:34] [Server thread/WARN]: Skipping BlockEntity with id minecraft:trapdoortileentity
[16:03:34] [Server thread/WARN]: Skipping Entity with id primitivemobs:haunted_tool
[16:03:34] [Server thread/WARN]: Ignoring unknown attribute 'forge.swimSpeed'
[16:03:34] [Server thread/WARN]: Skipping Entity with id minecolonies:citizen
[16:03:34] [Server thread/WARN]: Skipping BlockEntity with id minecraft:trapdoortileentity
[16:03:34] [Server thread/WARN]: Skipping BlockEntity with id minecraft:trapdoortileentity
[16:03:34] [Server thread/WARN]: Skipping BlockEntity with id minecraft:trapdoortileentity
[16:03:34] [Server thread/WARN]: Skipping BlockEntity with id minecolonies:rack
[16:03:34] [Server thread/WARN]: Skipping BlockEntity with id minecolonies:colonybuilding
[16:03:34] [Server thread/WARN]: Skipping BlockEntity with id minecolonies:rack
[16:03:34] [Server thread/WARN]: Skipping BlockEntity with id minecraft:trapdoortileentity
[16:03:34] [Server thread/WARN]: Skipping BlockEntity with id minecraft:trapdoortileentity
[16:03:34] [Server thread/WARN]: Skipping BlockEntity with id minecolonies:rack
[16:03:34] [Server thread/WARN]: Skipping BlockEntity with id minecolonies:colonybuilding
[16:03:34] [Server thread/WARN]: Skipping BlockEntity with id minecolonies:rack
[16:03:34] [Server thread/WARN]: Skipping Entity with id minecolonies:citizen
[16:03:34] [Server thread/WARN]: Skipping Entity with id vampirism:ghost
[16:03:34] [Server thread/WARN]: Skipping Entity with id vampirism:ghost
[16:03:34] [Server thread/WARN]: Skipping BlockEntity with id minecolonies:scarecrow
[16:03:34] [Server thread/WARN]: Skipping Entity with id primitivemobs:skeleton_warrior
[16:03:34] [Server thread/WARN]: Skipping BlockEntity with id charm:crate
[16:03:34] [Server thread/WARN]: Ignoring unknown attribute 'tc.mobmod'
[16:03:34] [Server thread/WARN]: Ignoring unknown attribute 'tc.mobmodtaint'
[16:03:34] [Server thread/WARN]: Ignoring unknown attribute 'forge.swimSpeed'
[16:03:34] [Server thread/WARN]: Skipping BlockEntity with id treasure2:gravestone_proximity_spawner_tile_entity
[16:03:34] [Server thread/WARN]: Skipping BlockEntity with id treasure2:gravestone_proximity_spawner_tile_entity
[16:03:34] [Server thread/WARN]: Skipping BlockEntity with id charm:crate
[16:03:34] [Server thread/WARN]: Skipping BlockEntity with id vampirism:blood_container
[16:03:34] [Server thread/WARN]: Skipping Entity with id mod_lavacow:undeadswine
[16:03:34] [Server thread/WARN]: Skipping Entity with id primitivemobs:festive_creeper
[16:03:34] [Server thread/WARN]: Skipping BlockEntity with id vampirism:altar_inspiration
[16:03:34] [Server thread/WARN]: Skipping Entity with id primitivemobs:haunted_tool
[16:03:34] [Server thread/WARN]: Skipping BlockEntity with id forestry:hive_wild
[16:03:34] [Server thread/WARN]: Skipping Entity with id vampirism:vampire
[16:03:34] [Server thread/WARN]: Skipping BlockEntity with id treasure2:gravestone_proximity_spawner_tile_entity
[16:03:34] [Server thread/WARN]: Skipping BlockEntity with id treasure2:gravestone_proximity_spawner_tile_entity
[16:03:34] [Server thread/WARN]: Skipping BlockEntity with id treasure2:gravestone_proximity_spawner_tile_entity
[16:03:34] [Server thread/WARN]: Skipping BlockEntity with id treasure2:gravestone_proximity_spawner_tile_entity
[16:03:34] [Server thread/WARN]: Skipping BlockEntity with id treasure2:gravestone_proximity_spawner_tile_entity
[16:03:34] [Server thread/WARN]: Skipping BlockEntity with id treasure2:gravestone_proximity_spawner_tile_entity
[16:03:34] [Server thread/WARN]: Skipping BlockEntity with id treasure2:gold_strongbox_tile_entity
[16:03:34] [Server thread/WARN]: Skipping Entity with id vampirism:vampire
[16:03:34] [Server thread/WARN]: Skipping Entity with id primitivemobs:flame_spewer
[16:03:34] [Server thread/WARN]: Skipping Entity with id quark:archaeologist
[16:03:34] [Server thread/WARN]: Skipping Entity with id primitivemobs:flame_spewer
[16:03:34] [Server thread/WARN]: Skipping BlockEntity with id minecraft:doortileentity
[16:03:34] [Server thread/WARN]: Skipping BlockEntity with id charm:crate
[16:03:34] [Server thread/WARN]: Skipping Entity with id mysticalworld:entity_sprout
[16:03:34] [Server thread/ERROR]: Couldn't load chunk
java.lang.NullPointerException: null
	at oo.b(SourceFile:526) ~[minecraft_server.1.12.2.jar:?]
	at aye.a(SourceFile:360) ~[minecraft_server.1.12.2.jar:?]
	at aye.a(SourceFile:97) ~[minecraft_server.1.12.2.jar:?]
	at aye.a(SourceFile:72) ~[minecraft_server.1.12.2.jar:?]
	at on.f(SourceFile:124) [minecraft_server.1.12.2.jar:?]
	at on.b(SourceFile:81) [minecraft_server.1.12.2.jar:?]
	at on.c(SourceFile:95) [minecraft_server.1.12.2.jar:?]
	at net.minecraft.server.MinecraftServer.l(SourceFile:328) [minecraft_server.1.12.2.jar:?]
	at net.minecraft.server.MinecraftServer.a(SourceFile:299) [minecraft_server.1.12.2.jar:?]
	at nz.j(SourceFile:233) [minecraft_server.1.12.2.jar:?]
	at net.minecraft.server.MinecraftServer.run(SourceFile:434) [minecraft_server.1.12.2.jar:?]
	at java.lang.Thread.run(Unknown Source) [?:?]
[16:03:34] [Server thread/WARN]: Skipping Entity with id mod_lavacow:raven
[16:03:34] [Server thread/WARN]: Skipping Entity with id primitivemobs:haunted_tool
[16:03:34] [Server thread/WARN]: Skipping Entity with id primitivemobs:haunted_tool
[16:03:34] [Server thread/WARN]: Skipping BlockEntity with id forestry:hive_wild
[16:03:34] [Server thread/WARN]: Skipping BlockEntity with id charm:crate
[16:03:34] [Server thread/WARN]: Skipping Entity with id vampirism:advanced_vampire
[16:03:34] [Server thread/WARN]: Skipping BlockEntity with id treasure2:gravestone_proximity_spawner_tile_entity
[16:03:34] [Server thread/WARN]: Skipping BlockEntity with id treasure2:pirate_chest_tile_entity
[16:03:34] [Server thread/WARN]: Skipping BlockEntity with id treasure2:gravestone_proximity_spawner_tile_entity
[16:03:34] [Server thread/WARN]: Skipping BlockEntity with id treasure2:gravestone_proximity_spawner_tile_entity
[16:03:34] [Server thread/WARN]: Skipping BlockEntity with id quark:monster_box
[16:03:34] [Server thread/WARN]: Skipping BlockEntity with id forestry:hive_wild
[16:03:34] [Server thread/WARN]: Skipping Entity with id bewitchment:lizard
[16:03:34] [Server thread/WARN]: Skipping Entity with id mysticalworld:entity_sprout
[16:03:34] [Server thread/WARN]: Skipping Entity with id bewitchment:lizard
[16:03:34] [Server thread/WARN]: Skipping BlockEntity with id forestry:hive_wild
[16:03:34] [Server thread/WARN]: Skipping Entity with id mowziesmobs:ferrous_wroughtnaut
[16:03:34] [Server thread/ERROR]: Couldn't load chunk
java.lang.NullPointerException: null
	at oo.b(SourceFile:526) ~[minecraft_server.1.12.2.jar:?]
	at aye.a(SourceFile:360) ~[minecraft_server.1.12.2.jar:?]
	at aye.a(SourceFile:97) ~[minecraft_server.1.12.2.jar:?]
	at aye.a(SourceFile:72) ~[minecraft_server.1.12.2.jar:?]
	at on.f(SourceFile:124) [minecraft_server.1.12.2.jar:?]
	at on.b(SourceFile:81) [minecraft_server.1.12.2.jar:?]
	at on.c(SourceFile:95) [minecraft_server.1.12.2.jar:?]
	at net.minecraft.server.MinecraftServer.l(SourceFile:328) [minecraft_server.1.12.2.jar:?]
	at net.minecraft.server.MinecraftServer.a(SourceFile:299) [minecraft_server.1.12.2.jar:?]
	at nz.j(SourceFile:233) [minecraft_server.1.12.2.jar:?]
	at net.minecraft.server.MinecraftServer.run(SourceFile:434) [minecraft_server.1.12.2.jar:?]
	at java.lang.Thread.run(Unknown Source) [?:?]
[16:03:34] [Server thread/WARN]: Skipping Entity with id vampirism:vampire
[16:03:34] [Server thread/WARN]: Skipping Entity with id primitivemobs:haunted_tool
[16:03:34] [Server thread/WARN]: Skipping Entity with id primitivemobs:haunted_tool
[16:03:34] [Server thread/WARN]: Skipping BlockEntity with id charm:crate
[16:03:34] [Server thread/WARN]: Skipping BlockEntity with id charm:crate
[16:03:34] [Server thread/WARN]: Skipping Entity with id bewitchment:lizard
[16:03:34] [Server thread/WARN]: Skipping Entity with id bewitchment:lizard
[16:03:34] [Server thread/WARN]: Skipping Entity with id quark:archaeologist
[16:03:34] [Server thread/WARN]: Skipping BlockEntity with id minecraft:doortileentity
[16:03:34] [Server thread/WARN]: Skipping BlockEntity with id forestry:hive_wild
[16:03:34] [Server thread/WARN]: Skipping Entity with id mod_lavacow:raven
[16:03:34] [Server thread/WARN]: Skipping BlockEntity with id treasure2:wither_chest_tile_entity
[16:03:34] [Server thread/WARN]: Skipping BlockEntity with id treasure2:proximity_spawner_tile_entity
[16:03:34] [Server thread/WARN]: Skipping BlockEntity with id treasure2:proximity_spawner_tile_entity
[16:03:34] [Server thread/WARN]: Skipping BlockEntity with id treasure2:gravestone_tile_entity
[16:03:34] [Server thread/WARN]: Skipping BlockEntity with id treasure2:gravestone_tile_entity
[16:03:34] [Server thread/WARN]: Skipping BlockEntity with id treasure2:gravestone_tile_entity
[16:03:34] [Server thread/WARN]: Skipping BlockEntity with id treasure2:gravestone_tile_entity
[16:03:34] [Server thread/WARN]: Skipping Entity with id bewitchment:lizard
[16:03:34] [Server thread/WARN]: Skipping BlockEntity with id treasure2:gravestone_tile_entity
[16:03:34] [Server thread/WARN]: Skipping BlockEntity with id treasure2:gravestone_tile_entity
[16:03:34] [Server thread/WARN]: Skipping BlockEntity with id treasure2:gravestone_tile_entity
[16:03:34] [Server thread/WARN]: Skipping BlockEntity with id treasure2:gravestone_tile_entity
[16:03:34] [Server thread/INFO]: Done (1.965s)! For help, type "help" or "?"
[16:03:53] [Server thread/INFO]: Stopping server
[16:03:53] [Server thread/INFO]: Saving players
[16:03:53] [Server thread/INFO]: Saving worlds
[16:03:53] [Server thread/INFO]: Saving chunks for level 'world'/overworld
[16:03:54] [Server Shutdown Thread/INFO]: Stopping server
